----------------------------------------ARGUMENTS----------------------------------------
auto_arg_by_dataset                      yelp
index                                    1
emsize                                   384
nhead                                    2
nhid                                     2048
nlayers                                  6
dropout                                  0.2
lr                                       1.0
clip                                     1.0
epochs                                   200
batch_size                               256
seed                                     2022
cuda                                     True
log_interval                             200
checkpoint                               ./yelp/1
outf                                     generated.json
vocab_size                               20000
endure_times                             5
rating_reg                               0.2
context_reg                              1.0
text_reg                                 1.0
peter_mask                               True
use_feature                              True
words                                    15
data_path                                /home/P76114511/projects/nete_format_data/yelp/reviews.pickle
index_dir                                /home/P76114511/projects/nete_format_data/yelp/1
meta_root                                data/yelp/1/train-data
----------------------------------------ARGUMENTS----------------------------------------
[2024-07-27 22:40:25.183386]: Model will be saved to (model/yelp/1/model.pt)
[2024-07-27 22:40:25.183437]: Prediction will be saved to (model/yelp/1/generated.json)
[2024-07-27 22:40:25.183446]: Loading data
[2024-07-27 22:41:25.838059]: epoch 1
[2024-07-27 22:41:32.353606]: context ppl 1907.4022 | text ppl 1784.7540 | rating loss 2.7079 |   200/ 4042 batches
[2024-07-27 22:41:38.609547]: context ppl 876.0216 | text ppl 650.4774 | rating loss 1.6228 |   400/ 4042 batches
[2024-07-27 22:41:44.873246]: context ppl 708.6377 | text ppl 330.0181 | rating loss 1.3780 |   600/ 4042 batches
[2024-07-27 22:41:51.142286]: context ppl 663.7013 | text ppl 239.4759 | rating loss 1.5214 |   800/ 4042 batches
[2024-07-27 22:41:57.409685]: context ppl 630.2905 | text ppl 192.3605 | rating loss 1.3541 |  1000/ 4042 batches
[2024-07-27 22:42:03.695856]: context ppl 613.8041 | text ppl 167.8243 | rating loss 1.5247 |  1200/ 4042 batches
[2024-07-27 22:42:09.984955]: context ppl 592.3399 | text ppl 145.4330 | rating loss 1.3552 |  1400/ 4042 batches
[2024-07-27 22:42:16.258421]: context ppl 594.1043 | text ppl 136.5157 | rating loss 1.4694 |  1600/ 4042 batches
[2024-07-27 22:42:22.535956]: context ppl 577.2943 | text ppl 124.5972 | rating loss 1.4019 |  1800/ 4042 batches
[2024-07-27 22:42:28.813277]: context ppl 579.1452 | text ppl 117.4729 | rating loss 1.4821 |  2000/ 4042 batches
[2024-07-27 22:42:35.087965]: context ppl 569.2076 | text ppl 110.2474 | rating loss 1.3212 |  2200/ 4042 batches
[2024-07-27 22:42:41.336078]: context ppl 562.3320 | text ppl 104.2844 | rating loss 1.4381 |  2400/ 4042 batches
[2024-07-27 22:42:47.595345]: context ppl 553.9433 | text ppl 98.0926 | rating loss 1.3026 |  2600/ 4042 batches
[2024-07-27 22:42:53.870727]: context ppl 557.9494 | text ppl 95.8838 | rating loss 1.3947 |  2800/ 4042 batches
[2024-07-27 22:43:00.110758]: context ppl 552.3432 | text ppl 91.6047 | rating loss 1.2742 |  3000/ 4042 batches
[2024-07-27 22:43:06.360979]: context ppl 551.9695 | text ppl 89.4926 | rating loss 1.3476 |  3200/ 4042 batches
[2024-07-27 22:43:12.605356]: context ppl 549.1692 | text ppl 86.4101 | rating loss 1.3191 |  3400/ 4042 batches
[2024-07-27 22:43:18.885937]: context ppl 542.3593 | text ppl 82.4702 | rating loss 1.3820 |  3600/ 4042 batches
[2024-07-27 22:43:25.122631]: context ppl 541.0646 | text ppl 81.0938 | rating loss 1.3110 |  3800/ 4042 batches
[2024-07-27 22:43:31.363057]: context ppl 546.3835 | text ppl 80.2242 | rating loss 1.3925 |  4000/ 4042 batches
[2024-07-27 22:43:32.655978]: context ppl 548.5315 | text ppl 79.2943 | rating loss 1.4871 |  4042/ 4042 batches
[2024-07-27 22:43:37.877640]: context ppl 540.2209 | text ppl 70.7439 | rating loss 1.3050 | valid loss 5.5641 on validation
[2024-07-27 22:43:38.190568]: epoch 2
[2024-07-27 22:43:44.865086]: context ppl 537.3255 | text ppl 75.4379 | rating loss 1.2930 |   200/ 4042 batches
[2024-07-27 22:43:51.144387]: context ppl 538.3194 | text ppl 74.6679 | rating loss 1.3271 |   400/ 4042 batches
[2024-07-27 22:43:57.430553]: context ppl 533.9405 | text ppl 72.5810 | rating loss 1.3027 |   600/ 4042 batches
[2024-07-27 22:44:03.696474]: context ppl 535.4864 | text ppl 71.8931 | rating loss 1.2964 |   800/ 4042 batches
[2024-07-27 22:44:09.958568]: context ppl 530.9418 | text ppl 70.5049 | rating loss 1.3055 |  1000/ 4042 batches
[2024-07-27 22:44:16.225016]: context ppl 533.2054 | text ppl 69.5862 | rating loss 1.3100 |  1200/ 4042 batches
[2024-07-27 22:44:22.509233]: context ppl 533.3597 | text ppl 68.9645 | rating loss 1.3003 |  1400/ 4042 batches
[2024-07-27 22:44:28.775634]: context ppl 525.6160 | text ppl 66.9709 | rating loss 1.3138 |  1600/ 4042 batches
[2024-07-27 22:44:35.034138]: context ppl 532.0222 | text ppl 66.9727 | rating loss 1.2936 |  1800/ 4042 batches
[2024-07-27 22:44:41.311833]: context ppl 530.1416 | text ppl 66.0930 | rating loss 1.3108 |  2000/ 4042 batches
[2024-07-27 22:44:47.611075]: context ppl 529.0147 | text ppl 65.3984 | rating loss 1.3043 |  2200/ 4042 batches
[2024-07-27 22:44:53.877620]: context ppl 525.6597 | text ppl 64.6086 | rating loss 1.3149 |  2400/ 4042 batches
[2024-07-27 22:45:00.154756]: context ppl 530.7115 | text ppl 64.5905 | rating loss 1.3129 |  2600/ 4042 batches
[2024-07-27 22:45:06.414442]: context ppl 524.8568 | text ppl 63.1467 | rating loss 1.3103 |  2800/ 4042 batches
[2024-07-27 22:45:12.696725]: context ppl 526.7549 | text ppl 62.8687 | rating loss 1.3033 |  3000/ 4042 batches
[2024-07-27 22:45:18.959899]: context ppl 521.8217 | text ppl 61.7669 | rating loss 1.3106 |  3200/ 4042 batches
[2024-07-27 22:45:25.236377]: context ppl 523.1433 | text ppl 61.4377 | rating loss 1.3110 |  3400/ 4042 batches
[2024-07-27 22:45:31.487204]: context ppl 520.8720 | text ppl 61.2358 | rating loss 1.3013 |  3600/ 4042 batches
[2024-07-27 22:45:37.738878]: context ppl 518.6152 | text ppl 60.2574 | rating loss 1.3124 |  3800/ 4042 batches
[2024-07-27 22:45:43.989745]: context ppl 519.0328 | text ppl 60.0062 | rating loss 1.3120 |  4000/ 4042 batches
[2024-07-27 22:45:45.285896]: context ppl 521.9723 | text ppl 60.1170 | rating loss 1.3225 |  4042/ 4042 batches
[2024-07-27 22:45:50.558691]: context ppl 516.2681 | text ppl 54.7365 | rating loss 1.2947 | valid loss 5.2972 on validation
[2024-07-27 22:45:50.890483]: epoch 3
[2024-07-27 22:45:57.842207]: context ppl 516.8198 | text ppl 57.8580 | rating loss 1.3096 |   200/ 4042 batches
[2024-07-27 22:46:04.092627]: context ppl 517.5026 | text ppl 57.6891 | rating loss 1.3110 |   400/ 4042 batches
[2024-07-27 22:46:10.343450]: context ppl 516.3765 | text ppl 57.4737 | rating loss 1.3037 |   600/ 4042 batches
[2024-07-27 22:46:16.606744]: context ppl 511.8620 | text ppl 56.6470 | rating loss 1.2970 |   800/ 4042 batches
[2024-07-27 22:46:22.857915]: context ppl 516.7820 | text ppl 57.1868 | rating loss 1.3016 |  1000/ 4042 batches
[2024-07-27 22:46:29.114449]: context ppl 513.5901 | text ppl 56.5618 | rating loss 1.2981 |  1200/ 4042 batches
[2024-07-27 22:46:35.386043]: context ppl 515.1455 | text ppl 56.4092 | rating loss 1.2985 |  1400/ 4042 batches
[2024-07-27 22:46:41.651614]: context ppl 512.4418 | text ppl 56.2004 | rating loss 1.3075 |  1600/ 4042 batches
[2024-07-27 22:46:47.899570]: context ppl 514.3981 | text ppl 56.1962 | rating loss 1.2906 |  1800/ 4042 batches
[2024-07-27 22:46:54.148482]: context ppl 509.6806 | text ppl 55.5348 | rating loss 1.2943 |  2000/ 4042 batches
[2024-07-27 22:47:00.396304]: context ppl 508.3042 | text ppl 54.9552 | rating loss 1.2909 |  2200/ 4042 batches
[2024-07-27 22:47:06.653383]: context ppl 506.8917 | text ppl 54.6702 | rating loss 1.2938 |  2400/ 4042 batches
[2024-07-27 22:47:12.910726]: context ppl 508.9606 | text ppl 55.1006 | rating loss 1.2833 |  2600/ 4042 batches
[2024-07-27 22:47:19.191298]: context ppl 506.1734 | text ppl 54.8244 | rating loss 1.2773 |  2800/ 4042 batches
[2024-07-27 22:47:25.438090]: context ppl 505.5461 | text ppl 54.3879 | rating loss 1.2778 |  3000/ 4042 batches
[2024-07-27 22:47:31.685314]: context ppl 503.2490 | text ppl 54.0688 | rating loss 1.2815 |  3200/ 4042 batches
[2024-07-27 22:47:37.938254]: context ppl 502.8296 | text ppl 53.7268 | rating loss 1.2736 |  3400/ 4042 batches
[2024-07-27 22:47:44.184990]: context ppl 501.4453 | text ppl 53.4018 | rating loss 1.2455 |  3600/ 4042 batches
[2024-07-27 22:47:50.435020]: context ppl 497.1732 | text ppl 52.7516 | rating loss 1.2553 |  3800/ 4042 batches
[2024-07-27 22:47:56.681044]: context ppl 499.8864 | text ppl 52.9769 | rating loss 1.2346 |  4000/ 4042 batches
[2024-07-27 22:47:57.977037]: context ppl 495.9043 | text ppl 52.6514 | rating loss 1.2314 |  4042/ 4042 batches
[2024-07-27 22:48:03.213079]: context ppl 497.1188 | text ppl 48.8570 | rating loss 1.2057 | valid loss 5.0946 on validation
[2024-07-27 22:48:03.540761]: epoch 4
[2024-07-27 22:48:10.190267]: context ppl 495.2692 | text ppl 51.2993 | rating loss 1.2246 |   200/ 4042 batches
[2024-07-27 22:48:16.465622]: context ppl 494.4876 | text ppl 51.2374 | rating loss 1.2184 |   400/ 4042 batches
[2024-07-27 22:48:22.745499]: context ppl 495.6089 | text ppl 51.1938 | rating loss 1.2072 |   600/ 4042 batches
[2024-07-27 22:48:29.011491]: context ppl 494.1822 | text ppl 51.0010 | rating loss 1.2089 |   800/ 4042 batches
[2024-07-27 22:48:35.300025]: context ppl 493.3783 | text ppl 51.1003 | rating loss 1.1811 |  1000/ 4042 batches
[2024-07-27 22:48:41.575213]: context ppl 488.4256 | text ppl 50.4862 | rating loss 1.1945 |  1200/ 4042 batches
[2024-07-27 22:48:47.834120]: context ppl 490.0200 | text ppl 50.6377 | rating loss 1.2029 |  1400/ 4042 batches
[2024-07-27 22:48:54.096836]: context ppl 488.5728 | text ppl 50.7099 | rating loss 1.1947 |  1600/ 4042 batches
[2024-07-27 22:49:00.352636]: context ppl 489.1397 | text ppl 50.6313 | rating loss 1.1802 |  1800/ 4042 batches
[2024-07-27 22:49:06.618154]: context ppl 488.0492 | text ppl 50.2421 | rating loss 1.1598 |  2000/ 4042 batches
[2024-07-27 22:49:12.895886]: context ppl 487.4473 | text ppl 50.3930 | rating loss 1.1690 |  2200/ 4042 batches
[2024-07-27 22:49:19.158474]: context ppl 482.1476 | text ppl 49.5197 | rating loss 1.1556 |  2400/ 4042 batches
[2024-07-27 22:49:25.453691]: context ppl 483.0402 | text ppl 49.5669 | rating loss 1.1595 |  2600/ 4042 batches
[2024-07-27 22:49:31.751096]: context ppl 481.4737 | text ppl 49.5355 | rating loss 1.1438 |  2800/ 4042 batches
[2024-07-27 22:49:38.017017]: context ppl 480.3194 | text ppl 49.6052 | rating loss 1.1338 |  3000/ 4042 batches
[2024-07-27 22:49:44.293509]: context ppl 481.3060 | text ppl 49.4670 | rating loss 1.1473 |  3200/ 4042 batches
[2024-07-27 22:49:50.587755]: context ppl 479.2311 | text ppl 49.0159 | rating loss 1.1406 |  3400/ 4042 batches
[2024-07-27 22:49:56.886526]: context ppl 479.7245 | text ppl 49.1113 | rating loss 1.1352 |  3600/ 4042 batches
[2024-07-27 22:50:03.164809]: context ppl 476.8960 | text ppl 49.0240 | rating loss 1.1264 |  3800/ 4042 batches
[2024-07-27 22:50:09.434451]: context ppl 475.6967 | text ppl 48.7199 | rating loss 1.1201 |  4000/ 4042 batches
[2024-07-27 22:50:10.744385]: context ppl 478.5836 | text ppl 49.4815 | rating loss 1.1093 |  4042/ 4042 batches
[2024-07-27 22:50:16.019974]: context ppl 471.6191 | text ppl 45.1229 | rating loss 1.0920 | valid loss 4.9013 on validation
[2024-07-27 22:50:16.343758]: epoch 5
[2024-07-27 22:50:22.970190]: context ppl 473.3699 | text ppl 47.1518 | rating loss 1.0812 |   200/ 4042 batches
[2024-07-27 22:50:29.248945]: context ppl 470.3217 | text ppl 46.9710 | rating loss 1.0944 |   400/ 4042 batches
[2024-07-27 22:50:35.526991]: context ppl 471.2148 | text ppl 47.3685 | rating loss 1.0834 |   600/ 4042 batches
[2024-07-27 22:50:41.804362]: context ppl 467.8856 | text ppl 47.0850 | rating loss 1.0684 |   800/ 4042 batches
[2024-07-27 22:50:48.062487]: context ppl 466.2744 | text ppl 46.7959 | rating loss 1.0874 |  1000/ 4042 batches
[2024-07-27 22:50:54.325347]: context ppl 469.5722 | text ppl 47.0680 | rating loss 1.0819 |  1200/ 4042 batches
[2024-07-27 22:51:00.596302]: context ppl 468.6914 | text ppl 47.1140 | rating loss 1.0813 |  1400/ 4042 batches
[2024-07-27 22:51:06.865937]: context ppl 470.1921 | text ppl 47.0168 | rating loss 1.0764 |  1600/ 4042 batches
[2024-07-27 22:51:13.138258]: context ppl 464.6869 | text ppl 46.5788 | rating loss 1.0731 |  1800/ 4042 batches
[2024-07-27 22:51:19.403128]: context ppl 464.6701 | text ppl 46.4769 | rating loss 1.0806 |  2000/ 4042 batches
[2024-07-27 22:51:25.655521]: context ppl 464.8706 | text ppl 46.5942 | rating loss 1.0735 |  2200/ 4042 batches
[2024-07-27 22:51:31.925784]: context ppl 461.6699 | text ppl 46.4857 | rating loss 1.0544 |  2400/ 4042 batches
[2024-07-27 22:51:38.194837]: context ppl 464.1557 | text ppl 46.5081 | rating loss 1.0627 |  2600/ 4042 batches
[2024-07-27 22:51:44.457645]: context ppl 460.2830 | text ppl 46.1182 | rating loss 1.0648 |  2800/ 4042 batches
[2024-07-27 22:51:50.755905]: context ppl 460.2579 | text ppl 46.0007 | rating loss 1.0632 |  3000/ 4042 batches
[2024-07-27 22:51:57.009633]: context ppl 457.5242 | text ppl 45.5547 | rating loss 1.0540 |  3200/ 4042 batches
[2024-07-27 22:52:03.258870]: context ppl 459.5906 | text ppl 45.8722 | rating loss 1.0523 |  3400/ 4042 batches
[2024-07-27 22:52:09.522846]: context ppl 460.4573 | text ppl 45.9022 | rating loss 1.0485 |  3600/ 4042 batches
[2024-07-27 22:52:15.778899]: context ppl 458.5717 | text ppl 45.9044 | rating loss 1.0551 |  3800/ 4042 batches
[2024-07-27 22:52:22.026092]: context ppl 456.0611 | text ppl 45.6623 | rating loss 1.0426 |  4000/ 4042 batches
[2024-07-27 22:52:23.325308]: context ppl 453.2877 | text ppl 44.8807 | rating loss 1.0489 |  4042/ 4042 batches
[2024-07-27 22:52:28.557672]: context ppl 453.1862 | text ppl 42.8929 | rating loss 1.0430 | valid loss 4.8017 on validation
[2024-07-27 22:52:28.874979]: epoch 6
[2024-07-27 22:52:35.508323]: context ppl 451.3683 | text ppl 44.0668 | rating loss 1.0153 |   200/ 4042 batches
[2024-07-27 22:52:41.786516]: context ppl 449.7843 | text ppl 43.9584 | rating loss 1.0110 |   400/ 4042 batches
[2024-07-27 22:52:48.055472]: context ppl 452.7136 | text ppl 44.3656 | rating loss 1.0129 |   600/ 4042 batches
[2024-07-27 22:52:54.325805]: context ppl 449.1516 | text ppl 44.0510 | rating loss 1.0162 |   800/ 4042 batches
[2024-07-27 22:53:00.595556]: context ppl 449.2107 | text ppl 44.1850 | rating loss 1.0165 |  1000/ 4042 batches
[2024-07-27 22:53:06.857117]: context ppl 450.7517 | text ppl 44.1804 | rating loss 1.0316 |  1200/ 4042 batches
[2024-07-27 22:53:13.134847]: context ppl 450.5486 | text ppl 44.0017 | rating loss 1.0087 |  1400/ 4042 batches
[2024-07-27 22:53:19.404974]: context ppl 448.5311 | text ppl 43.9379 | rating loss 1.0241 |  1600/ 4042 batches
[2024-07-27 22:53:25.679385]: context ppl 448.7869 | text ppl 44.1382 | rating loss 1.0303 |  1800/ 4042 batches
[2024-07-27 22:53:31.970182]: context ppl 447.2305 | text ppl 43.7830 | rating loss 1.0109 |  2000/ 4042 batches
[2024-07-27 22:53:38.251120]: context ppl 447.3498 | text ppl 43.8139 | rating loss 1.0159 |  2200/ 4042 batches
[2024-07-27 22:53:44.513563]: context ppl 447.8247 | text ppl 43.8059 | rating loss 1.0115 |  2400/ 4042 batches
[2024-07-27 22:53:50.784422]: context ppl 445.7950 | text ppl 43.4796 | rating loss 1.0200 |  2600/ 4042 batches
[2024-07-27 22:53:57.041512]: context ppl 446.9360 | text ppl 43.6858 | rating loss 1.0206 |  2800/ 4042 batches
[2024-07-27 22:54:03.317855]: context ppl 448.0046 | text ppl 43.9540 | rating loss 1.0253 |  3000/ 4042 batches
[2024-07-27 22:54:09.575860]: context ppl 445.8469 | text ppl 43.4074 | rating loss 1.0113 |  3200/ 4042 batches
[2024-07-27 22:54:15.833307]: context ppl 441.5646 | text ppl 43.2731 | rating loss 1.0142 |  3400/ 4042 batches
[2024-07-27 22:54:22.122504]: context ppl 443.1665 | text ppl 43.2177 | rating loss 1.0039 |  3600/ 4042 batches
[2024-07-27 22:54:28.400381]: context ppl 444.1306 | text ppl 42.9854 | rating loss 1.0106 |  3800/ 4042 batches
[2024-07-27 22:54:34.661279]: context ppl 444.0562 | text ppl 43.2728 | rating loss 1.0169 |  4000/ 4042 batches
[2024-07-27 22:54:35.954518]: context ppl 442.8633 | text ppl 42.5911 | rating loss 0.9835 |  4042/ 4042 batches
[2024-07-27 22:54:41.246960]: context ppl 439.4103 | text ppl 40.4936 | rating loss 1.0352 | valid loss 4.7363 on validation
[2024-07-27 22:54:41.574373]: epoch 7
[2024-07-27 22:54:48.249505]: context ppl 437.0703 | text ppl 41.6436 | rating loss 0.9663 |   200/ 4042 batches
[2024-07-27 22:54:54.515475]: context ppl 436.1966 | text ppl 41.7230 | rating loss 0.9743 |   400/ 4042 batches
[2024-07-27 22:55:00.819829]: context ppl 437.9547 | text ppl 41.9610 | rating loss 0.9778 |   600/ 4042 batches
[2024-07-27 22:55:07.093581]: context ppl 437.3350 | text ppl 42.1141 | rating loss 0.9918 |   800/ 4042 batches
[2024-07-27 22:55:13.381998]: context ppl 438.4057 | text ppl 41.8875 | rating loss 1.0013 |  1000/ 4042 batches
[2024-07-27 22:55:19.651609]: context ppl 435.4409 | text ppl 41.6709 | rating loss 1.0114 |  1200/ 4042 batches
[2024-07-27 22:55:25.921273]: context ppl 438.3734 | text ppl 42.1893 | rating loss 0.9867 |  1400/ 4042 batches
[2024-07-27 22:55:32.186282]: context ppl 435.9264 | text ppl 41.6462 | rating loss 0.9875 |  1600/ 4042 batches
[2024-07-27 22:55:38.447496]: context ppl 437.1951 | text ppl 41.6223 | rating loss 0.9881 |  1800/ 4042 batches
[2024-07-27 22:55:44.741585]: context ppl 435.1957 | text ppl 41.6256 | rating loss 0.9903 |  2000/ 4042 batches
[2024-07-27 22:55:51.003732]: context ppl 435.3827 | text ppl 41.5997 | rating loss 1.0051 |  2200/ 4042 batches
[2024-07-27 22:55:57.264182]: context ppl 436.1714 | text ppl 41.7760 | rating loss 0.9976 |  2400/ 4042 batches
[2024-07-27 22:56:03.527100]: context ppl 435.1071 | text ppl 41.6852 | rating loss 0.9878 |  2600/ 4042 batches
[2024-07-27 22:56:09.816459]: context ppl 435.2899 | text ppl 41.6208 | rating loss 0.9935 |  2800/ 4042 batches
[2024-07-27 22:56:16.144946]: context ppl 434.7227 | text ppl 41.8282 | rating loss 0.9957 |  3000/ 4042 batches
[2024-07-27 22:56:22.445638]: context ppl 432.6513 | text ppl 41.0096 | rating loss 0.9964 |  3200/ 4042 batches
[2024-07-27 22:56:28.694081]: context ppl 433.6823 | text ppl 41.3848 | rating loss 0.9915 |  3400/ 4042 batches
[2024-07-27 22:56:34.966193]: context ppl 435.2496 | text ppl 41.4614 | rating loss 1.0147 |  3600/ 4042 batches
[2024-07-27 22:56:41.240332]: context ppl 431.0165 | text ppl 41.2245 | rating loss 0.9879 |  3800/ 4042 batches
[2024-07-27 22:56:47.515141]: context ppl 433.7328 | text ppl 41.4027 | rating loss 0.9942 |  4000/ 4042 batches
[2024-07-27 22:56:48.810693]: context ppl 431.8709 | text ppl 41.1162 | rating loss 0.9914 |  4042/ 4042 batches
[2024-07-27 22:56:54.018177]: context ppl 432.5322 | text ppl 39.3597 | rating loss 1.0253 | valid loss 4.6981 on validation
[2024-07-27 22:56:54.336626]: epoch 8
[2024-07-27 22:57:00.935565]: context ppl 429.5378 | text ppl 39.9869 | rating loss 0.9640 |   200/ 4042 batches
[2024-07-27 22:57:07.198153]: context ppl 426.8075 | text ppl 40.0821 | rating loss 0.9655 |   400/ 4042 batches
[2024-07-27 22:57:13.461002]: context ppl 427.9836 | text ppl 40.0915 | rating loss 0.9712 |   600/ 4042 batches
[2024-07-27 22:57:19.725798]: context ppl 427.5555 | text ppl 40.0148 | rating loss 0.9732 |   800/ 4042 batches
[2024-07-27 22:57:25.985550]: context ppl 427.4698 | text ppl 39.9314 | rating loss 0.9765 |  1000/ 4042 batches
[2024-07-27 22:57:32.247113]: context ppl 426.1937 | text ppl 40.0073 | rating loss 0.9727 |  1200/ 4042 batches
[2024-07-27 22:57:38.495579]: context ppl 428.4459 | text ppl 40.3376 | rating loss 0.9821 |  1400/ 4042 batches
[2024-07-27 22:57:44.756478]: context ppl 427.2569 | text ppl 39.9911 | rating loss 0.9681 |  1600/ 4042 batches
[2024-07-27 22:57:51.024830]: context ppl 426.2563 | text ppl 39.8370 | rating loss 0.9675 |  1800/ 4042 batches
[2024-07-27 22:57:57.303078]: context ppl 425.7991 | text ppl 39.8219 | rating loss 0.9885 |  2000/ 4042 batches
[2024-07-27 22:58:03.552377]: context ppl 428.4201 | text ppl 40.1670 | rating loss 0.9751 |  2200/ 4042 batches
[2024-07-27 22:58:09.805177]: context ppl 426.7248 | text ppl 40.1392 | rating loss 0.9902 |  2400/ 4042 batches
[2024-07-27 22:58:16.077590]: context ppl 425.4394 | text ppl 39.8592 | rating loss 0.9742 |  2600/ 4042 batches
[2024-07-27 22:58:22.350563]: context ppl 427.0766 | text ppl 39.9417 | rating loss 0.9910 |  2800/ 4042 batches
[2024-07-27 22:58:28.627594]: context ppl 426.0871 | text ppl 40.0703 | rating loss 0.9778 |  3000/ 4042 batches
[2024-07-27 22:58:34.905805]: context ppl 424.9501 | text ppl 39.8206 | rating loss 0.9879 |  3200/ 4042 batches
[2024-07-27 22:58:41.169475]: context ppl 424.5362 | text ppl 39.7042 | rating loss 0.9920 |  3400/ 4042 batches
[2024-07-27 22:58:47.424770]: context ppl 425.6254 | text ppl 39.6414 | rating loss 0.9939 |  3600/ 4042 batches
[2024-07-27 22:58:53.692012]: context ppl 426.6754 | text ppl 40.0937 | rating loss 0.9815 |  3800/ 4042 batches
[2024-07-27 22:58:59.944987]: context ppl 424.3495 | text ppl 39.6211 | rating loss 0.9970 |  4000/ 4042 batches
[2024-07-27 22:59:01.240990]: context ppl 421.9465 | text ppl 39.4648 | rating loss 1.0019 |  4042/ 4042 batches
[2024-07-27 22:59:06.506141]: context ppl 424.2179 | text ppl 38.1592 | rating loss 1.0203 | valid loss 4.6621 on validation
[2024-07-27 22:59:06.827506]: epoch 9
[2024-07-27 22:59:13.443927]: context ppl 418.7457 | text ppl 38.5160 | rating loss 0.9537 |   200/ 4042 batches
[2024-07-27 22:59:19.815898]: context ppl 418.6700 | text ppl 38.4503 | rating loss 0.9498 |   400/ 4042 batches
[2024-07-27 22:59:26.070714]: context ppl 420.6403 | text ppl 38.5480 | rating loss 0.9507 |   600/ 4042 batches
[2024-07-27 22:59:32.382114]: context ppl 420.4574 | text ppl 38.5633 | rating loss 0.9706 |   800/ 4042 batches
[2024-07-27 22:59:38.662020]: context ppl 419.3774 | text ppl 38.4130 | rating loss 0.9660 |  1000/ 4042 batches
[2024-07-27 22:59:44.960025]: context ppl 418.4451 | text ppl 38.3843 | rating loss 0.9773 |  1200/ 4042 batches
[2024-07-27 22:59:51.245806]: context ppl 421.1021 | text ppl 38.6793 | rating loss 0.9548 |  1400/ 4042 batches
[2024-07-27 22:59:57.529255]: context ppl 418.2754 | text ppl 38.5531 | rating loss 0.9615 |  1600/ 4042 batches
[2024-07-27 23:00:03.792953]: context ppl 419.6898 | text ppl 38.7652 | rating loss 0.9540 |  1800/ 4042 batches
[2024-07-27 23:00:10.049824]: context ppl 418.6081 | text ppl 38.3955 | rating loss 0.9680 |  2000/ 4042 batches
[2024-07-27 23:00:16.314376]: context ppl 418.9637 | text ppl 38.7429 | rating loss 0.9801 |  2200/ 4042 batches
[2024-07-27 23:00:22.571312]: context ppl 419.1992 | text ppl 38.5371 | rating loss 0.9720 |  2400/ 4042 batches
[2024-07-27 23:00:28.821819]: context ppl 422.0061 | text ppl 38.9163 | rating loss 0.9807 |  2600/ 4042 batches
[2024-07-27 23:00:35.071602]: context ppl 420.4557 | text ppl 38.6699 | rating loss 0.9848 |  2800/ 4042 batches
[2024-07-27 23:00:41.324822]: context ppl 420.0074 | text ppl 38.5110 | rating loss 0.9757 |  3000/ 4042 batches
[2024-07-27 23:00:47.575171]: context ppl 419.1077 | text ppl 38.6312 | rating loss 0.9845 |  3200/ 4042 batches
[2024-07-27 23:00:53.824951]: context ppl 420.6746 | text ppl 38.7649 | rating loss 0.9926 |  3400/ 4042 batches
[2024-07-27 23:01:00.075914]: context ppl 419.2358 | text ppl 38.6763 | rating loss 0.9852 |  3600/ 4042 batches
[2024-07-27 23:01:06.321554]: context ppl 415.6665 | text ppl 38.2019 | rating loss 0.9788 |  3800/ 4042 batches
[2024-07-27 23:01:12.571321]: context ppl 418.9947 | text ppl 38.6514 | rating loss 0.9856 |  4000/ 4042 batches
[2024-07-27 23:01:13.866887]: context ppl 418.0263 | text ppl 38.9080 | rating loss 0.9987 |  4042/ 4042 batches
[2024-07-27 23:01:19.127657]: context ppl 420.1353 | text ppl 37.1682 | rating loss 1.0519 | valid loss 4.6673 on validation
[2024-07-27 23:01:19.127826]: Endured 1 time(s)
[2024-07-27 23:01:19.127923]: Learning rate set to 0.25000000
[2024-07-27 23:01:19.127983]: epoch 10
[2024-07-27 23:01:25.749313]: context ppl 406.6284 | text ppl 35.8432 | rating loss 0.9311 |   200/ 4042 batches
[2024-07-27 23:01:31.998176]: context ppl 405.2013 | text ppl 35.3828 | rating loss 0.9343 |   400/ 4042 batches
[2024-07-27 23:01:38.255975]: context ppl 405.7224 | text ppl 35.4173 | rating loss 0.9306 |   600/ 4042 batches
[2024-07-27 23:01:44.502087]: context ppl 404.4674 | text ppl 35.3386 | rating loss 0.9252 |   800/ 4042 batches
[2024-07-27 23:01:50.761546]: context ppl 405.4223 | text ppl 35.2446 | rating loss 0.9334 |  1000/ 4042 batches
[2024-07-27 23:01:57.011323]: context ppl 405.0584 | text ppl 35.3487 | rating loss 0.9348 |  1200/ 4042 batches
[2024-07-27 23:02:03.274293]: context ppl 405.4485 | text ppl 35.3072 | rating loss 0.9414 |  1400/ 4042 batches
[2024-07-27 23:02:09.565212]: context ppl 402.5274 | text ppl 35.0295 | rating loss 0.9430 |  1600/ 4042 batches
[2024-07-27 23:02:15.819640]: context ppl 406.9532 | text ppl 35.2194 | rating loss 0.9312 |  1800/ 4042 batches
[2024-07-27 23:02:22.093688]: context ppl 405.3696 | text ppl 35.1891 | rating loss 0.9551 |  2000/ 4042 batches
[2024-07-27 23:02:28.344035]: context ppl 403.2472 | text ppl 34.9140 | rating loss 0.9260 |  2200/ 4042 batches
[2024-07-27 23:02:34.590370]: context ppl 403.7149 | text ppl 34.8696 | rating loss 0.9403 |  2400/ 4042 batches
[2024-07-27 23:02:40.849102]: context ppl 404.2269 | text ppl 35.0124 | rating loss 0.9352 |  2600/ 4042 batches
[2024-07-27 23:02:47.097181]: context ppl 406.4426 | text ppl 35.3508 | rating loss 0.9463 |  2800/ 4042 batches
[2024-07-27 23:02:53.347309]: context ppl 405.4427 | text ppl 35.0183 | rating loss 0.9327 |  3000/ 4042 batches
[2024-07-27 23:02:59.606703]: context ppl 403.9298 | text ppl 34.9522 | rating loss 0.9466 |  3200/ 4042 batches
[2024-07-27 23:03:05.854585]: context ppl 402.9565 | text ppl 34.7017 | rating loss 0.9455 |  3400/ 4042 batches
[2024-07-27 23:03:12.129410]: context ppl 404.8447 | text ppl 35.0776 | rating loss 0.9366 |  3600/ 4042 batches
[2024-07-27 23:03:18.379438]: context ppl 407.3766 | text ppl 35.1051 | rating loss 0.9423 |  3800/ 4042 batches
[2024-07-27 23:03:24.630676]: context ppl 402.6248 | text ppl 34.8996 | rating loss 0.9464 |  4000/ 4042 batches
[2024-07-27 23:03:25.926808]: context ppl 399.3013 | text ppl 34.3567 | rating loss 0.9372 |  4042/ 4042 batches
[2024-07-27 23:03:31.212832]: context ppl 412.1224 | text ppl 35.1399 | rating loss 1.0197 | valid loss 4.5790 on validation
[2024-07-27 23:03:31.538222]: epoch 11
[2024-07-27 23:03:38.099168]: context ppl 401.4111 | text ppl 34.1549 | rating loss 0.9278 |   200/ 4042 batches
[2024-07-27 23:03:44.333907]: context ppl 400.9179 | text ppl 34.4141 | rating loss 0.9322 |   400/ 4042 batches
[2024-07-27 23:03:50.592672]: context ppl 402.8251 | text ppl 34.5370 | rating loss 0.9263 |   600/ 4042 batches
[2024-07-27 23:03:56.850292]: context ppl 400.9282 | text ppl 34.4674 | rating loss 0.9372 |   800/ 4042 batches
[2024-07-27 23:04:03.116692]: context ppl 401.3467 | text ppl 34.2849 | rating loss 0.9422 |  1000/ 4042 batches
[2024-07-27 23:04:09.357604]: context ppl 404.6380 | text ppl 34.5250 | rating loss 0.9344 |  1200/ 4042 batches
[2024-07-27 23:04:15.593271]: context ppl 402.2997 | text ppl 34.5570 | rating loss 0.9327 |  1400/ 4042 batches
[2024-07-27 23:04:21.826653]: context ppl 400.6993 | text ppl 34.2619 | rating loss 0.9373 |  1600/ 4042 batches
[2024-07-27 23:04:28.060998]: context ppl 401.7211 | text ppl 34.4519 | rating loss 0.9348 |  1800/ 4042 batches
[2024-07-27 23:04:34.311426]: context ppl 402.3679 | text ppl 34.6128 | rating loss 0.9327 |  2000/ 4042 batches
[2024-07-27 23:04:40.561471]: context ppl 400.9020 | text ppl 34.2058 | rating loss 0.9289 |  2200/ 4042 batches
[2024-07-27 23:04:46.818732]: context ppl 404.1997 | text ppl 34.5657 | rating loss 0.9337 |  2400/ 4042 batches
[2024-07-27 23:04:53.069585]: context ppl 401.1846 | text ppl 34.5650 | rating loss 0.9409 |  2600/ 4042 batches
[2024-07-27 23:04:59.315502]: context ppl 402.0894 | text ppl 34.4204 | rating loss 0.9433 |  2800/ 4042 batches
[2024-07-27 23:05:05.576782]: context ppl 402.9777 | text ppl 34.4671 | rating loss 0.9476 |  3000/ 4042 batches
[2024-07-27 23:05:11.826851]: context ppl 400.0410 | text ppl 34.3083 | rating loss 0.9304 |  3200/ 4042 batches
[2024-07-27 23:05:18.096174]: context ppl 400.0085 | text ppl 34.1825 | rating loss 0.9341 |  3400/ 4042 batches
[2024-07-27 23:05:24.353569]: context ppl 401.6348 | text ppl 34.2234 | rating loss 0.9379 |  3600/ 4042 batches
[2024-07-27 23:05:30.599607]: context ppl 403.2228 | text ppl 34.4769 | rating loss 0.9398 |  3800/ 4042 batches
[2024-07-27 23:05:36.844658]: context ppl 402.8769 | text ppl 34.5442 | rating loss 0.9401 |  4000/ 4042 batches
[2024-07-27 23:05:38.138268]: context ppl 400.2400 | text ppl 34.5789 | rating loss 0.9433 |  4042/ 4042 batches
[2024-07-27 23:05:43.375149]: context ppl 410.3438 | text ppl 34.7426 | rating loss 1.0204 | valid loss 4.5684 on validation
[2024-07-27 23:05:43.698363]: epoch 12
[2024-07-27 23:05:50.266209]: context ppl 397.4860 | text ppl 33.8407 | rating loss 0.9249 |   200/ 4042 batches
[2024-07-27 23:05:56.506543]: context ppl 401.7529 | text ppl 34.0531 | rating loss 0.9361 |   400/ 4042 batches
[2024-07-27 23:06:02.747698]: context ppl 400.4533 | text ppl 33.9485 | rating loss 0.9240 |   600/ 4042 batches
[2024-07-27 23:06:08.988297]: context ppl 399.8305 | text ppl 33.9914 | rating loss 0.9393 |   800/ 4042 batches
[2024-07-27 23:06:15.237255]: context ppl 399.3051 | text ppl 33.9156 | rating loss 0.9359 |  1000/ 4042 batches
[2024-07-27 23:06:21.483218]: context ppl 400.0660 | text ppl 33.9139 | rating loss 0.9316 |  1200/ 4042 batches
[2024-07-27 23:06:27.722020]: context ppl 399.0509 | text ppl 34.0661 | rating loss 0.9355 |  1400/ 4042 batches
[2024-07-27 23:06:33.971310]: context ppl 400.0132 | text ppl 34.0800 | rating loss 0.9319 |  1600/ 4042 batches
[2024-07-27 23:06:40.225066]: context ppl 399.7705 | text ppl 33.9230 | rating loss 0.9297 |  1800/ 4042 batches
[2024-07-27 23:06:46.467803]: context ppl 400.5605 | text ppl 34.1113 | rating loss 0.9263 |  2000/ 4042 batches
[2024-07-27 23:06:52.714011]: context ppl 397.9916 | text ppl 33.7653 | rating loss 0.9308 |  2200/ 4042 batches
[2024-07-27 23:06:58.958703]: context ppl 398.4774 | text ppl 33.8574 | rating loss 0.9280 |  2400/ 4042 batches
[2024-07-27 23:07:05.217284]: context ppl 400.9340 | text ppl 33.8568 | rating loss 0.9471 |  2600/ 4042 batches
[2024-07-27 23:07:11.471602]: context ppl 401.8918 | text ppl 34.1177 | rating loss 0.9359 |  2800/ 4042 batches
[2024-07-27 23:07:17.721529]: context ppl 400.2496 | text ppl 34.0246 | rating loss 0.9313 |  3000/ 4042 batches
[2024-07-27 23:07:23.968399]: context ppl 399.5562 | text ppl 34.0750 | rating loss 0.9407 |  3200/ 4042 batches
[2024-07-27 23:07:30.221117]: context ppl 399.8249 | text ppl 34.2059 | rating loss 0.9411 |  3400/ 4042 batches
[2024-07-27 23:07:36.474836]: context ppl 399.7495 | text ppl 33.9726 | rating loss 0.9405 |  3600/ 4042 batches
[2024-07-27 23:07:42.730509]: context ppl 399.0638 | text ppl 33.8722 | rating loss 0.9294 |  3800/ 4042 batches
[2024-07-27 23:07:48.982967]: context ppl 399.5526 | text ppl 33.9517 | rating loss 0.9508 |  4000/ 4042 batches
[2024-07-27 23:07:50.277144]: context ppl 400.7167 | text ppl 33.8056 | rating loss 0.9561 |  4042/ 4042 batches
[2024-07-27 23:07:55.526779]: context ppl 409.2021 | text ppl 34.5348 | rating loss 1.0227 | valid loss 4.5647 on validation
[2024-07-27 23:07:55.835078]: epoch 13
[2024-07-27 23:08:02.426508]: context ppl 395.8848 | text ppl 33.3093 | rating loss 0.9135 |   200/ 4042 batches
[2024-07-27 23:08:08.671503]: context ppl 397.6045 | text ppl 33.3351 | rating loss 0.9279 |   400/ 4042 batches
[2024-07-27 23:08:14.937034]: context ppl 396.7414 | text ppl 33.2996 | rating loss 0.9230 |   600/ 4042 batches
[2024-07-27 23:08:21.258335]: context ppl 394.9261 | text ppl 33.4593 | rating loss 0.9313 |   800/ 4042 batches
[2024-07-27 23:08:27.502773]: context ppl 397.4514 | text ppl 33.6334 | rating loss 0.9355 |  1000/ 4042 batches
[2024-07-27 23:08:33.758684]: context ppl 396.9487 | text ppl 33.5284 | rating loss 0.9300 |  1200/ 4042 batches
[2024-07-27 23:08:40.012504]: context ppl 398.8323 | text ppl 33.6124 | rating loss 0.9251 |  1400/ 4042 batches
[2024-07-27 23:08:46.252586]: context ppl 396.6492 | text ppl 33.4590 | rating loss 0.9226 |  1600/ 4042 batches
[2024-07-27 23:08:52.511340]: context ppl 395.6668 | text ppl 33.3245 | rating loss 0.9181 |  1800/ 4042 batches
[2024-07-27 23:08:58.766313]: context ppl 399.0934 | text ppl 33.8877 | rating loss 0.9386 |  2000/ 4042 batches
[2024-07-27 23:09:05.017164]: context ppl 397.3370 | text ppl 33.6582 | rating loss 0.9404 |  2200/ 4042 batches
[2024-07-27 23:09:11.257869]: context ppl 395.3023 | text ppl 33.4782 | rating loss 0.9365 |  2400/ 4042 batches
[2024-07-27 23:09:17.509072]: context ppl 398.9418 | text ppl 33.5034 | rating loss 0.9320 |  2600/ 4042 batches
[2024-07-27 23:09:23.779265]: context ppl 397.0376 | text ppl 33.6581 | rating loss 0.9385 |  2800/ 4042 batches
[2024-07-27 23:09:30.039837]: context ppl 397.1881 | text ppl 33.5654 | rating loss 0.9416 |  3000/ 4042 batches
[2024-07-27 23:09:36.300737]: context ppl 401.1426 | text ppl 33.8435 | rating loss 0.9423 |  3200/ 4042 batches
[2024-07-27 23:09:42.549594]: context ppl 399.5643 | text ppl 33.9207 | rating loss 0.9473 |  3400/ 4042 batches
[2024-07-27 23:09:48.808380]: context ppl 399.8978 | text ppl 33.8659 | rating loss 0.9324 |  3600/ 4042 batches
[2024-07-27 23:09:55.075349]: context ppl 398.7283 | text ppl 33.7977 | rating loss 0.9496 |  3800/ 4042 batches
[2024-07-27 23:10:01.322842]: context ppl 399.2646 | text ppl 33.7388 | rating loss 0.9456 |  4000/ 4042 batches
[2024-07-27 23:10:02.625263]: context ppl 399.9243 | text ppl 33.9604 | rating loss 0.9351 |  4042/ 4042 batches
[2024-07-27 23:10:07.867742]: context ppl 407.9404 | text ppl 34.2903 | rating loss 1.0180 | valid loss 4.5529 on validation
[2024-07-27 23:10:08.203345]: epoch 14
[2024-07-27 23:10:14.897398]: context ppl 395.6016 | text ppl 33.0367 | rating loss 0.9189 |   200/ 4042 batches
[2024-07-27 23:10:21.158037]: context ppl 394.8705 | text ppl 33.0790 | rating loss 0.9265 |   400/ 4042 batches
[2024-07-27 23:10:27.398424]: context ppl 396.0005 | text ppl 33.0880 | rating loss 0.9217 |   600/ 4042 batches
[2024-07-27 23:10:33.645319]: context ppl 395.7227 | text ppl 33.2827 | rating loss 0.9398 |   800/ 4042 batches
[2024-07-27 23:10:39.889721]: context ppl 394.6703 | text ppl 33.0238 | rating loss 0.9239 |  1000/ 4042 batches
[2024-07-27 23:10:46.125602]: context ppl 396.4580 | text ppl 33.2440 | rating loss 0.9304 |  1200/ 4042 batches
[2024-07-27 23:10:52.363133]: context ppl 396.2013 | text ppl 33.3355 | rating loss 0.9295 |  1400/ 4042 batches
[2024-07-27 23:10:58.602758]: context ppl 394.8494 | text ppl 33.2487 | rating loss 0.9394 |  1600/ 4042 batches
[2024-07-27 23:11:04.845180]: context ppl 394.1347 | text ppl 33.0725 | rating loss 0.9453 |  1800/ 4042 batches
[2024-07-27 23:11:11.104435]: context ppl 395.4446 | text ppl 33.1342 | rating loss 0.9379 |  2000/ 4042 batches
[2024-07-27 23:11:17.406101]: context ppl 396.3506 | text ppl 33.3101 | rating loss 0.9243 |  2200/ 4042 batches
[2024-07-27 23:11:23.698177]: context ppl 396.9920 | text ppl 33.4889 | rating loss 0.9294 |  2400/ 4042 batches
[2024-07-27 23:11:29.938531]: context ppl 395.3349 | text ppl 33.3130 | rating loss 0.9381 |  2600/ 4042 batches
[2024-07-27 23:11:36.177980]: context ppl 397.8590 | text ppl 33.2978 | rating loss 0.9399 |  2800/ 4042 batches
[2024-07-27 23:11:42.437898]: context ppl 396.5791 | text ppl 33.2740 | rating loss 0.9315 |  3000/ 4042 batches
[2024-07-27 23:11:48.676436]: context ppl 395.2080 | text ppl 33.2754 | rating loss 0.9339 |  3200/ 4042 batches
[2024-07-27 23:11:54.915368]: context ppl 396.0234 | text ppl 33.3089 | rating loss 0.9332 |  3400/ 4042 batches
[2024-07-27 23:12:01.152714]: context ppl 398.8690 | text ppl 33.5735 | rating loss 0.9353 |  3600/ 4042 batches
[2024-07-27 23:12:07.388409]: context ppl 396.7396 | text ppl 33.4636 | rating loss 0.9385 |  3800/ 4042 batches
[2024-07-27 23:12:13.637543]: context ppl 395.7557 | text ppl 33.4026 | rating loss 0.9337 |  4000/ 4042 batches
[2024-07-27 23:12:14.932770]: context ppl 395.9358 | text ppl 32.8489 | rating loss 0.9498 |  4042/ 4042 batches
[2024-07-27 23:12:20.150746]: context ppl 406.6174 | text ppl 34.1521 | rating loss 1.0175 | valid loss 4.5483 on validation
[2024-07-27 23:12:20.461518]: epoch 15
[2024-07-27 23:12:27.033716]: context ppl 394.2022 | text ppl 32.7331 | rating loss 0.9247 |   200/ 4042 batches
[2024-07-27 23:12:33.296270]: context ppl 394.4959 | text ppl 32.7590 | rating loss 0.9278 |   400/ 4042 batches
[2024-07-27 23:12:39.540177]: context ppl 392.8718 | text ppl 32.8579 | rating loss 0.9203 |   600/ 4042 batches
[2024-07-27 23:12:45.795156]: context ppl 393.9253 | text ppl 32.9510 | rating loss 0.9278 |   800/ 4042 batches
[2024-07-27 23:12:52.123498]: context ppl 391.7697 | text ppl 32.9213 | rating loss 0.9137 |  1000/ 4042 batches
[2024-07-27 23:12:58.404170]: context ppl 391.2272 | text ppl 32.7001 | rating loss 0.9344 |  1200/ 4042 batches
[2024-07-27 23:13:04.681884]: context ppl 394.3626 | text ppl 33.0515 | rating loss 0.9282 |  1400/ 4042 batches
[2024-07-27 23:13:10.950298]: context ppl 393.4274 | text ppl 32.7035 | rating loss 0.9215 |  1600/ 4042 batches
[2024-07-27 23:13:17.236412]: context ppl 392.3795 | text ppl 32.7931 | rating loss 0.9256 |  1800/ 4042 batches
[2024-07-27 23:13:23.494392]: context ppl 393.8329 | text ppl 32.9278 | rating loss 0.9392 |  2000/ 4042 batches
[2024-07-27 23:13:29.779473]: context ppl 394.4630 | text ppl 33.0401 | rating loss 0.9307 |  2200/ 4042 batches
[2024-07-27 23:13:36.025985]: context ppl 394.7062 | text ppl 32.8653 | rating loss 0.9281 |  2400/ 4042 batches
[2024-07-27 23:13:42.267024]: context ppl 392.6241 | text ppl 32.9576 | rating loss 0.9455 |  2600/ 4042 batches
[2024-07-27 23:13:48.519764]: context ppl 397.5243 | text ppl 33.2743 | rating loss 0.9340 |  2800/ 4042 batches
[2024-07-27 23:13:54.777247]: context ppl 396.1674 | text ppl 33.2573 | rating loss 0.9411 |  3000/ 4042 batches
[2024-07-27 23:14:01.020341]: context ppl 395.0575 | text ppl 33.2599 | rating loss 0.9350 |  3200/ 4042 batches
[2024-07-27 23:14:07.279123]: context ppl 395.1658 | text ppl 33.0554 | rating loss 0.9224 |  3400/ 4042 batches
[2024-07-27 23:14:13.522455]: context ppl 393.8350 | text ppl 32.9067 | rating loss 0.9409 |  3600/ 4042 batches
[2024-07-27 23:14:19.849463]: context ppl 395.4174 | text ppl 33.1613 | rating loss 0.9446 |  3800/ 4042 batches
[2024-07-27 23:14:26.135853]: context ppl 396.5996 | text ppl 33.0563 | rating loss 0.9474 |  4000/ 4042 batches
[2024-07-27 23:14:27.450181]: context ppl 395.7694 | text ppl 32.8703 | rating loss 0.9480 |  4042/ 4042 batches
[2024-07-27 23:14:32.763449]: context ppl 406.5674 | text ppl 33.9089 | rating loss 1.0212 | valid loss 4.5448 on validation
[2024-07-27 23:14:33.085831]: epoch 16
[2024-07-27 23:14:39.770168]: context ppl 392.0396 | text ppl 32.4547 | rating loss 0.9204 |   200/ 4042 batches
[2024-07-27 23:14:46.013720]: context ppl 391.5570 | text ppl 32.4372 | rating loss 0.9209 |   400/ 4042 batches
[2024-07-27 23:14:52.281407]: context ppl 390.7695 | text ppl 32.3365 | rating loss 0.9217 |   600/ 4042 batches
[2024-07-27 23:14:58.547022]: context ppl 393.0785 | text ppl 32.7274 | rating loss 0.9296 |   800/ 4042 batches
[2024-07-27 23:15:04.804786]: context ppl 394.2892 | text ppl 32.6997 | rating loss 0.9251 |  1000/ 4042 batches
[2024-07-27 23:15:11.049591]: context ppl 391.1266 | text ppl 32.4686 | rating loss 0.9241 |  1200/ 4042 batches
[2024-07-27 23:15:17.303701]: context ppl 393.3176 | text ppl 32.7632 | rating loss 0.9247 |  1400/ 4042 batches
[2024-07-27 23:15:23.587543]: context ppl 393.5833 | text ppl 32.6930 | rating loss 0.9261 |  1600/ 4042 batches
[2024-07-27 23:15:29.832452]: context ppl 392.9671 | text ppl 32.7595 | rating loss 0.9359 |  1800/ 4042 batches
[2024-07-27 23:15:36.104305]: context ppl 392.5907 | text ppl 32.5654 | rating loss 0.9209 |  2000/ 4042 batches
[2024-07-27 23:15:42.382164]: context ppl 391.4608 | text ppl 32.6278 | rating loss 0.9403 |  2200/ 4042 batches
[2024-07-27 23:15:48.670212]: context ppl 391.4642 | text ppl 32.6459 | rating loss 0.9322 |  2400/ 4042 batches
[2024-07-27 23:15:54.932416]: context ppl 392.5559 | text ppl 32.7987 | rating loss 0.9336 |  2600/ 4042 batches
[2024-07-27 23:16:01.210502]: context ppl 393.8702 | text ppl 32.9505 | rating loss 0.9320 |  2800/ 4042 batches
[2024-07-27 23:16:07.490998]: context ppl 390.9076 | text ppl 32.7559 | rating loss 0.9365 |  3000/ 4042 batches
[2024-07-27 23:16:13.730295]: context ppl 392.1644 | text ppl 32.8420 | rating loss 0.9449 |  3200/ 4042 batches
[2024-07-27 23:16:19.994984]: context ppl 391.8958 | text ppl 32.6562 | rating loss 0.9428 |  3400/ 4042 batches
[2024-07-27 23:16:26.243788]: context ppl 393.8401 | text ppl 32.8237 | rating loss 0.9398 |  3600/ 4042 batches
[2024-07-27 23:16:32.494612]: context ppl 392.0930 | text ppl 32.7360 | rating loss 0.9322 |  3800/ 4042 batches
[2024-07-27 23:16:38.740913]: context ppl 391.9114 | text ppl 32.6775 | rating loss 0.9366 |  4000/ 4042 batches
[2024-07-27 23:16:40.035073]: context ppl 397.2638 | text ppl 33.3208 | rating loss 0.9332 |  4042/ 4042 batches
[2024-07-27 23:16:45.280818]: context ppl 406.4247 | text ppl 33.7464 | rating loss 1.0227 | valid loss 4.5416 on validation
[2024-07-27 23:16:45.603188]: epoch 17
[2024-07-27 23:16:52.210238]: context ppl 389.4231 | text ppl 32.0956 | rating loss 0.9190 |   200/ 4042 batches
[2024-07-27 23:16:58.467752]: context ppl 390.6243 | text ppl 32.1512 | rating loss 0.9250 |   400/ 4042 batches
[2024-07-27 23:17:04.712953]: context ppl 389.0496 | text ppl 32.1366 | rating loss 0.9187 |   600/ 4042 batches
[2024-07-27 23:17:10.954789]: context ppl 389.6950 | text ppl 32.3560 | rating loss 0.9351 |   800/ 4042 batches
[2024-07-27 23:17:17.231686]: context ppl 390.2132 | text ppl 32.2903 | rating loss 0.9104 |  1000/ 4042 batches
[2024-07-27 23:17:23.527622]: context ppl 390.6590 | text ppl 32.4159 | rating loss 0.9395 |  1200/ 4042 batches
[2024-07-27 23:17:29.788456]: context ppl 388.8029 | text ppl 32.0411 | rating loss 0.9177 |  1400/ 4042 batches
[2024-07-27 23:17:36.034027]: context ppl 390.3088 | text ppl 32.5975 | rating loss 0.9304 |  1600/ 4042 batches
[2024-07-27 23:17:42.278917]: context ppl 391.5623 | text ppl 32.4751 | rating loss 0.9285 |  1800/ 4042 batches
[2024-07-27 23:17:48.521157]: context ppl 390.7030 | text ppl 32.3557 | rating loss 0.9212 |  2000/ 4042 batches
[2024-07-27 23:17:54.795183]: context ppl 389.0076 | text ppl 32.3183 | rating loss 0.9252 |  2200/ 4042 batches
[2024-07-27 23:18:01.057742]: context ppl 390.9379 | text ppl 32.5633 | rating loss 0.9246 |  2400/ 4042 batches
[2024-07-27 23:18:07.298014]: context ppl 392.3022 | text ppl 32.4492 | rating loss 0.9223 |  2600/ 4042 batches
[2024-07-27 23:18:13.555467]: context ppl 392.6283 | text ppl 32.5797 | rating loss 0.9304 |  2800/ 4042 batches
[2024-07-27 23:18:19.800293]: context ppl 390.7383 | text ppl 32.4483 | rating loss 0.9269 |  3000/ 4042 batches
[2024-07-27 23:18:26.065327]: context ppl 391.7611 | text ppl 32.5294 | rating loss 0.9327 |  3200/ 4042 batches
[2024-07-27 23:18:32.326972]: context ppl 392.0714 | text ppl 32.6706 | rating loss 0.9440 |  3400/ 4042 batches
[2024-07-27 23:18:38.583248]: context ppl 392.6725 | text ppl 32.5237 | rating loss 0.9441 |  3600/ 4042 batches
[2024-07-27 23:18:44.837977]: context ppl 391.1430 | text ppl 32.5872 | rating loss 0.9459 |  3800/ 4042 batches
[2024-07-27 23:18:51.089648]: context ppl 392.3181 | text ppl 32.5344 | rating loss 0.9579 |  4000/ 4042 batches
[2024-07-27 23:18:52.383543]: context ppl 393.1812 | text ppl 32.5955 | rating loss 0.9461 |  4042/ 4042 batches
[2024-07-27 23:18:57.599834]: context ppl 404.3050 | text ppl 33.6111 | rating loss 1.0177 | valid loss 4.5326 on validation
[2024-07-27 23:18:57.923262]: epoch 18
[2024-07-27 23:19:04.599529]: context ppl 389.1644 | text ppl 31.9163 | rating loss 0.9226 |   200/ 4042 batches
[2024-07-27 23:19:10.856388]: context ppl 388.1266 | text ppl 31.8480 | rating loss 0.9221 |   400/ 4042 batches
[2024-07-27 23:19:17.096952]: context ppl 389.6017 | text ppl 31.9931 | rating loss 0.9137 |   600/ 4042 batches
[2024-07-27 23:19:23.347901]: context ppl 388.9041 | text ppl 31.9145 | rating loss 0.9140 |   800/ 4042 batches
[2024-07-27 23:19:29.604816]: context ppl 388.4111 | text ppl 32.0504 | rating loss 0.9299 |  1000/ 4042 batches
[2024-07-27 23:19:35.894909]: context ppl 387.0436 | text ppl 31.9258 | rating loss 0.9419 |  1200/ 4042 batches
[2024-07-27 23:19:42.140867]: context ppl 389.3619 | text ppl 32.3711 | rating loss 0.9315 |  1400/ 4042 batches
[2024-07-27 23:19:48.381257]: context ppl 388.3267 | text ppl 32.0527 | rating loss 0.9240 |  1600/ 4042 batches
[2024-07-27 23:19:54.629600]: context ppl 389.1891 | text ppl 32.0986 | rating loss 0.9377 |  1800/ 4042 batches
[2024-07-27 23:20:00.874756]: context ppl 388.9668 | text ppl 32.1512 | rating loss 0.9244 |  2000/ 4042 batches
[2024-07-27 23:20:07.124678]: context ppl 390.6541 | text ppl 32.2728 | rating loss 0.9265 |  2200/ 4042 batches
[2024-07-27 23:20:13.381629]: context ppl 389.4002 | text ppl 32.1511 | rating loss 0.9260 |  2400/ 4042 batches
[2024-07-27 23:20:19.698430]: context ppl 391.4386 | text ppl 32.3636 | rating loss 0.9147 |  2600/ 4042 batches
[2024-07-27 23:20:25.952394]: context ppl 388.9567 | text ppl 32.2840 | rating loss 0.9346 |  2800/ 4042 batches
[2024-07-27 23:20:32.208050]: context ppl 390.2718 | text ppl 32.2350 | rating loss 0.9433 |  3000/ 4042 batches
[2024-07-27 23:20:38.462798]: context ppl 387.9813 | text ppl 32.1202 | rating loss 0.9299 |  3200/ 4042 batches
[2024-07-27 23:20:44.736910]: context ppl 389.7389 | text ppl 32.1409 | rating loss 0.9317 |  3400/ 4042 batches
[2024-07-27 23:20:51.007605]: context ppl 389.6270 | text ppl 32.2054 | rating loss 0.9306 |  3600/ 4042 batches
[2024-07-27 23:20:57.266982]: context ppl 389.3929 | text ppl 32.1527 | rating loss 0.9394 |  3800/ 4042 batches
[2024-07-27 23:21:03.540627]: context ppl 389.7515 | text ppl 32.3500 | rating loss 0.9400 |  4000/ 4042 batches
[2024-07-27 23:21:04.842713]: context ppl 392.3214 | text ppl 32.9948 | rating loss 0.9478 |  4042/ 4042 batches
[2024-07-27 23:21:10.107641]: context ppl 404.3286 | text ppl 33.4392 | rating loss 1.0177 | valid loss 4.5274 on validation
[2024-07-27 23:21:10.456885]: epoch 19
[2024-07-27 23:21:17.083416]: context ppl 386.9834 | text ppl 31.6822 | rating loss 0.9262 |   200/ 4042 batches
[2024-07-27 23:21:23.323908]: context ppl 386.0742 | text ppl 31.7392 | rating loss 0.9157 |   400/ 4042 batches
[2024-07-27 23:21:29.573953]: context ppl 387.6817 | text ppl 31.6739 | rating loss 0.9223 |   600/ 4042 batches
[2024-07-27 23:21:35.810975]: context ppl 386.8507 | text ppl 31.8707 | rating loss 0.9228 |   800/ 4042 batches
[2024-07-27 23:21:42.076159]: context ppl 386.0288 | text ppl 31.8090 | rating loss 0.9248 |  1000/ 4042 batches
[2024-07-27 23:21:48.321833]: context ppl 386.6708 | text ppl 31.7961 | rating loss 0.9236 |  1200/ 4042 batches
[2024-07-27 23:21:54.563781]: context ppl 388.3732 | text ppl 31.8721 | rating loss 0.9265 |  1400/ 4042 batches
[2024-07-27 23:22:00.819722]: context ppl 389.2139 | text ppl 31.9443 | rating loss 0.9287 |  1600/ 4042 batches
[2024-07-27 23:22:07.070631]: context ppl 389.7268 | text ppl 32.0422 | rating loss 0.9285 |  1800/ 4042 batches
[2024-07-27 23:22:13.335021]: context ppl 387.3502 | text ppl 31.9587 | rating loss 0.9258 |  2000/ 4042 batches
[2024-07-27 23:22:19.584826]: context ppl 388.7442 | text ppl 31.7878 | rating loss 0.9333 |  2200/ 4042 batches
[2024-07-27 23:22:25.830776]: context ppl 388.1667 | text ppl 31.9573 | rating loss 0.9273 |  2400/ 4042 batches
[2024-07-27 23:22:32.072142]: context ppl 387.6238 | text ppl 31.8065 | rating loss 0.9305 |  2600/ 4042 batches
[2024-07-27 23:22:38.320458]: context ppl 388.1539 | text ppl 32.1571 | rating loss 0.9279 |  2800/ 4042 batches
[2024-07-27 23:22:44.574769]: context ppl 387.8417 | text ppl 31.9049 | rating loss 0.9354 |  3000/ 4042 batches
[2024-07-27 23:22:50.828050]: context ppl 387.1390 | text ppl 31.9455 | rating loss 0.9382 |  3200/ 4042 batches
[2024-07-27 23:22:57.070271]: context ppl 388.3587 | text ppl 31.9583 | rating loss 0.9387 |  3400/ 4042 batches
[2024-07-27 23:23:03.329546]: context ppl 388.8556 | text ppl 31.8997 | rating loss 0.9174 |  3600/ 4042 batches
[2024-07-27 23:23:09.606754]: context ppl 386.7816 | text ppl 31.8658 | rating loss 0.9300 |  3800/ 4042 batches
[2024-07-27 23:23:15.867944]: context ppl 388.4179 | text ppl 31.9811 | rating loss 0.9393 |  4000/ 4042 batches
[2024-07-27 23:23:17.175381]: context ppl 394.0777 | text ppl 32.4579 | rating loss 0.9436 |  4042/ 4042 batches
[2024-07-27 23:23:22.511503]: context ppl 403.8659 | text ppl 33.3588 | rating loss 1.0186 | valid loss 4.5259 on validation
[2024-07-27 23:23:22.835850]: epoch 20
[2024-07-27 23:23:29.521054]: context ppl 384.2841 | text ppl 31.3823 | rating loss 0.9206 |   200/ 4042 batches
[2024-07-27 23:23:35.785699]: context ppl 384.1560 | text ppl 31.2125 | rating loss 0.9236 |   400/ 4042 batches
[2024-07-27 23:23:42.039747]: context ppl 386.0154 | text ppl 31.4598 | rating loss 0.9136 |   600/ 4042 batches
[2024-07-27 23:23:48.313270]: context ppl 385.0550 | text ppl 31.4034 | rating loss 0.9267 |   800/ 4042 batches
[2024-07-27 23:23:54.572318]: context ppl 386.2822 | text ppl 31.6748 | rating loss 0.9324 |  1000/ 4042 batches
[2024-07-27 23:24:00.818367]: context ppl 385.6403 | text ppl 31.6359 | rating loss 0.9156 |  1200/ 4042 batches
[2024-07-27 23:24:07.067505]: context ppl 388.6634 | text ppl 31.7993 | rating loss 0.9210 |  1400/ 4042 batches
[2024-07-27 23:24:13.332592]: context ppl 384.6781 | text ppl 31.4089 | rating loss 0.9239 |  1600/ 4042 batches
[2024-07-27 23:24:19.600800]: context ppl 385.6210 | text ppl 31.6906 | rating loss 0.9313 |  1800/ 4042 batches
[2024-07-27 23:24:25.867786]: context ppl 388.3274 | text ppl 31.7341 | rating loss 0.9281 |  2000/ 4042 batches
[2024-07-27 23:24:32.131092]: context ppl 387.3080 | text ppl 31.7892 | rating loss 0.9328 |  2200/ 4042 batches
[2024-07-27 23:24:38.400454]: context ppl 386.0304 | text ppl 31.6701 | rating loss 0.9182 |  2400/ 4042 batches
[2024-07-27 23:24:44.650401]: context ppl 384.9037 | text ppl 31.5620 | rating loss 0.9346 |  2600/ 4042 batches
[2024-07-27 23:24:50.920900]: context ppl 386.4258 | text ppl 31.8835 | rating loss 0.9259 |  2800/ 4042 batches
[2024-07-27 23:24:57.181509]: context ppl 387.2807 | text ppl 31.7728 | rating loss 0.9344 |  3000/ 4042 batches
[2024-07-27 23:25:03.433572]: context ppl 386.2705 | text ppl 31.8167 | rating loss 0.9344 |  3200/ 4042 batches
[2024-07-27 23:25:09.680335]: context ppl 384.6514 | text ppl 31.7556 | rating loss 0.9462 |  3400/ 4042 batches
[2024-07-27 23:25:15.937862]: context ppl 388.8070 | text ppl 32.0509 | rating loss 0.9325 |  3600/ 4042 batches
[2024-07-27 23:25:22.218539]: context ppl 386.5922 | text ppl 31.7723 | rating loss 0.9306 |  3800/ 4042 batches
[2024-07-27 23:25:28.462597]: context ppl 385.4772 | text ppl 31.6968 | rating loss 0.9216 |  4000/ 4042 batches
[2024-07-27 23:25:29.756175]: context ppl 389.7856 | text ppl 31.3363 | rating loss 0.9235 |  4042/ 4042 batches
[2024-07-27 23:25:35.064025]: context ppl 402.2487 | text ppl 33.2341 | rating loss 1.0199 | valid loss 4.5235 on validation
[2024-07-27 23:25:35.382110]: epoch 21
[2024-07-27 23:25:42.042489]: context ppl 383.0304 | text ppl 30.9971 | rating loss 0.9245 |   200/ 4042 batches
[2024-07-27 23:25:48.307717]: context ppl 383.0216 | text ppl 31.2250 | rating loss 0.9294 |   400/ 4042 batches
[2024-07-27 23:25:54.556577]: context ppl 383.7972 | text ppl 31.2641 | rating loss 0.9133 |   600/ 4042 batches
[2024-07-27 23:26:00.807045]: context ppl 383.8764 | text ppl 31.2994 | rating loss 0.9315 |   800/ 4042 batches
[2024-07-27 23:26:07.052671]: context ppl 382.7791 | text ppl 31.2511 | rating loss 0.9230 |  1000/ 4042 batches
[2024-07-27 23:26:13.298952]: context ppl 384.6508 | text ppl 31.2331 | rating loss 0.9081 |  1200/ 4042 batches
[2024-07-27 23:26:19.579008]: context ppl 384.8035 | text ppl 31.5515 | rating loss 0.9295 |  1400/ 4042 batches
[2024-07-27 23:26:25.834716]: context ppl 385.1510 | text ppl 31.3325 | rating loss 0.9187 |  1600/ 4042 batches
[2024-07-27 23:26:32.083812]: context ppl 384.4330 | text ppl 31.5375 | rating loss 0.9178 |  1800/ 4042 batches
[2024-07-27 23:26:38.339301]: context ppl 386.1122 | text ppl 31.5176 | rating loss 0.9338 |  2000/ 4042 batches
[2024-07-27 23:26:44.604853]: context ppl 386.9084 | text ppl 31.5647 | rating loss 0.9390 |  2200/ 4042 batches
[2024-07-27 23:26:50.861513]: context ppl 385.6468 | text ppl 31.4799 | rating loss 0.9201 |  2400/ 4042 batches
[2024-07-27 23:26:57.127299]: context ppl 384.5976 | text ppl 31.6631 | rating loss 0.9142 |  2600/ 4042 batches
[2024-07-27 23:27:03.379413]: context ppl 384.7258 | text ppl 31.4166 | rating loss 0.9416 |  2800/ 4042 batches
[2024-07-27 23:27:09.630271]: context ppl 385.1258 | text ppl 31.5080 | rating loss 0.9270 |  3000/ 4042 batches
[2024-07-27 23:27:15.871502]: context ppl 384.9281 | text ppl 31.4017 | rating loss 0.9291 |  3200/ 4042 batches
[2024-07-27 23:27:22.119108]: context ppl 385.6960 | text ppl 31.7662 | rating loss 0.9430 |  3400/ 4042 batches
[2024-07-27 23:27:28.363172]: context ppl 385.3945 | text ppl 31.3632 | rating loss 0.9269 |  3600/ 4042 batches
[2024-07-27 23:27:34.612684]: context ppl 384.1993 | text ppl 31.6587 | rating loss 0.9206 |  3800/ 4042 batches
[2024-07-27 23:27:40.867512]: context ppl 385.0706 | text ppl 31.5478 | rating loss 0.9293 |  4000/ 4042 batches
[2024-07-27 23:27:42.161317]: context ppl 386.1465 | text ppl 31.6861 | rating loss 0.9439 |  4042/ 4042 batches
[2024-07-27 23:27:47.485600]: context ppl 402.8380 | text ppl 33.1734 | rating loss 1.0173 | valid loss 4.5190 on validation
[2024-07-27 23:27:47.823661]: epoch 22
[2024-07-27 23:27:54.446964]: context ppl 382.2527 | text ppl 30.9861 | rating loss 0.9121 |   200/ 4042 batches
[2024-07-27 23:28:00.731570]: context ppl 381.9988 | text ppl 30.9059 | rating loss 0.9132 |   400/ 4042 batches
[2024-07-27 23:28:06.981812]: context ppl 384.2026 | text ppl 31.2285 | rating loss 0.9181 |   600/ 4042 batches
[2024-07-27 23:28:13.247277]: context ppl 381.1442 | text ppl 30.7907 | rating loss 0.9304 |   800/ 4042 batches
[2024-07-27 23:28:19.529074]: context ppl 381.4454 | text ppl 30.8957 | rating loss 0.9230 |  1000/ 4042 batches
[2024-07-27 23:28:25.778140]: context ppl 382.8645 | text ppl 31.2367 | rating loss 0.9182 |  1200/ 4042 batches
[2024-07-27 23:28:32.045841]: context ppl 383.1496 | text ppl 31.0973 | rating loss 0.9333 |  1400/ 4042 batches
[2024-07-27 23:28:38.283103]: context ppl 383.4290 | text ppl 31.3559 | rating loss 0.9225 |  1600/ 4042 batches
[2024-07-27 23:28:44.526037]: context ppl 382.8833 | text ppl 31.3471 | rating loss 0.9336 |  1800/ 4042 batches
[2024-07-27 23:28:50.767311]: context ppl 385.7441 | text ppl 31.3327 | rating loss 0.9172 |  2000/ 4042 batches
[2024-07-27 23:28:57.007781]: context ppl 381.7801 | text ppl 31.2146 | rating loss 0.9222 |  2200/ 4042 batches
[2024-07-27 23:29:03.249244]: context ppl 382.9163 | text ppl 31.1843 | rating loss 0.9178 |  2400/ 4042 batches
[2024-07-27 23:29:09.495425]: context ppl 384.1313 | text ppl 31.0729 | rating loss 0.9300 |  2600/ 4042 batches
[2024-07-27 23:29:15.735665]: context ppl 384.8131 | text ppl 31.3409 | rating loss 0.9311 |  2800/ 4042 batches
[2024-07-27 23:29:22.062263]: context ppl 381.8470 | text ppl 31.1536 | rating loss 0.9382 |  3000/ 4042 batches
[2024-07-27 23:29:28.319260]: context ppl 383.0880 | text ppl 31.3078 | rating loss 0.9182 |  3200/ 4042 batches
[2024-07-27 23:29:34.571963]: context ppl 385.0765 | text ppl 31.3828 | rating loss 0.9315 |  3400/ 4042 batches
[2024-07-27 23:29:40.820072]: context ppl 384.6107 | text ppl 31.5071 | rating loss 0.9453 |  3600/ 4042 batches
[2024-07-27 23:29:47.077586]: context ppl 384.9785 | text ppl 31.3668 | rating loss 0.9215 |  3800/ 4042 batches
[2024-07-27 23:29:53.320618]: context ppl 383.9941 | text ppl 31.4638 | rating loss 0.9254 |  4000/ 4042 batches
[2024-07-27 23:29:54.614655]: context ppl 382.3213 | text ppl 31.3695 | rating loss 0.9292 |  4042/ 4042 batches
[2024-07-27 23:29:59.905800]: context ppl 401.7965 | text ppl 32.9397 | rating loss 1.0210 | valid loss 4.5156 on validation
[2024-07-27 23:30:00.214847]: epoch 23
[2024-07-27 23:30:06.812723]: context ppl 379.8038 | text ppl 30.7517 | rating loss 0.9175 |   200/ 4042 batches
[2024-07-27 23:30:13.066604]: context ppl 380.8376 | text ppl 30.7357 | rating loss 0.9042 |   400/ 4042 batches
[2024-07-27 23:30:19.323210]: context ppl 381.5520 | text ppl 30.7787 | rating loss 0.9173 |   600/ 4042 batches
[2024-07-27 23:30:25.597517]: context ppl 382.4405 | text ppl 30.9221 | rating loss 0.9152 |   800/ 4042 batches
[2024-07-27 23:30:31.845463]: context ppl 378.5824 | text ppl 30.8222 | rating loss 0.9157 |  1000/ 4042 batches
[2024-07-27 23:30:38.102895]: context ppl 381.2523 | text ppl 30.9656 | rating loss 0.9195 |  1200/ 4042 batches
[2024-07-27 23:30:44.353811]: context ppl 380.2230 | text ppl 30.8025 | rating loss 0.9201 |  1400/ 4042 batches
[2024-07-27 23:30:50.603020]: context ppl 381.2664 | text ppl 30.8126 | rating loss 0.9134 |  1600/ 4042 batches
[2024-07-27 23:30:56.866889]: context ppl 381.7224 | text ppl 30.8936 | rating loss 0.9297 |  1800/ 4042 batches
[2024-07-27 23:31:03.115717]: context ppl 382.9034 | text ppl 31.1354 | rating loss 0.9297 |  2000/ 4042 batches
[2024-07-27 23:31:09.358957]: context ppl 382.2681 | text ppl 30.8983 | rating loss 0.9263 |  2200/ 4042 batches
[2024-07-27 23:31:15.611774]: context ppl 380.9216 | text ppl 30.9914 | rating loss 0.9295 |  2400/ 4042 batches
[2024-07-27 23:31:21.858147]: context ppl 384.0933 | text ppl 31.1993 | rating loss 0.9354 |  2600/ 4042 batches
[2024-07-27 23:31:28.125446]: context ppl 382.7340 | text ppl 31.1083 | rating loss 0.9335 |  2800/ 4042 batches
[2024-07-27 23:31:34.377408]: context ppl 382.9507 | text ppl 31.1136 | rating loss 0.9252 |  3000/ 4042 batches
[2024-07-27 23:31:40.628039]: context ppl 383.4992 | text ppl 31.1542 | rating loss 0.9245 |  3200/ 4042 batches
[2024-07-27 23:31:46.890244]: context ppl 382.7360 | text ppl 31.0942 | rating loss 0.9457 |  3400/ 4042 batches
[2024-07-27 23:31:53.166947]: context ppl 383.0785 | text ppl 31.3322 | rating loss 0.9294 |  3600/ 4042 batches
[2024-07-27 23:31:59.430022]: context ppl 382.1606 | text ppl 31.1779 | rating loss 0.9254 |  3800/ 4042 batches
[2024-07-27 23:32:05.669792]: context ppl 381.8535 | text ppl 31.1773 | rating loss 0.9306 |  4000/ 4042 batches
[2024-07-27 23:32:06.970076]: context ppl 381.6043 | text ppl 31.1349 | rating loss 0.9117 |  4042/ 4042 batches
[2024-07-27 23:32:12.233064]: context ppl 402.1127 | text ppl 32.8494 | rating loss 1.0187 | valid loss 4.5106 on validation
[2024-07-27 23:32:12.551456]: epoch 24
[2024-07-27 23:32:19.160728]: context ppl 380.4682 | text ppl 30.6569 | rating loss 0.9155 |   200/ 4042 batches
[2024-07-27 23:32:25.439166]: context ppl 377.2529 | text ppl 30.3625 | rating loss 0.9131 |   400/ 4042 batches
[2024-07-27 23:32:31.694987]: context ppl 377.4092 | text ppl 30.5452 | rating loss 0.9099 |   600/ 4042 batches
[2024-07-27 23:32:37.939433]: context ppl 380.2724 | text ppl 30.6746 | rating loss 0.9222 |   800/ 4042 batches
[2024-07-27 23:32:44.185517]: context ppl 381.2975 | text ppl 30.7813 | rating loss 0.9160 |  1000/ 4042 batches
[2024-07-27 23:32:50.434923]: context ppl 378.8254 | text ppl 30.6258 | rating loss 0.9212 |  1200/ 4042 batches
[2024-07-27 23:32:56.685902]: context ppl 378.1474 | text ppl 30.5686 | rating loss 0.9179 |  1400/ 4042 batches
[2024-07-27 23:33:02.926529]: context ppl 380.6333 | text ppl 30.7785 | rating loss 0.9241 |  1600/ 4042 batches
[2024-07-27 23:33:09.204827]: context ppl 379.4207 | text ppl 30.8170 | rating loss 0.9262 |  1800/ 4042 batches
[2024-07-27 23:33:15.451912]: context ppl 377.8227 | text ppl 30.4827 | rating loss 0.9221 |  2000/ 4042 batches
[2024-07-27 23:33:21.697494]: context ppl 380.9931 | text ppl 30.9015 | rating loss 0.9173 |  2200/ 4042 batches
[2024-07-27 23:33:27.951071]: context ppl 381.3986 | text ppl 30.8134 | rating loss 0.9247 |  2400/ 4042 batches
[2024-07-27 23:33:34.202986]: context ppl 380.8291 | text ppl 30.9311 | rating loss 0.9352 |  2600/ 4042 batches
[2024-07-27 23:33:40.451819]: context ppl 380.5630 | text ppl 30.6888 | rating loss 0.9237 |  2800/ 4042 batches
[2024-07-27 23:33:46.693993]: context ppl 384.8995 | text ppl 31.1058 | rating loss 0.9284 |  3000/ 4042 batches
[2024-07-27 23:33:52.955070]: context ppl 381.1053 | text ppl 30.8793 | rating loss 0.9258 |  3200/ 4042 batches
[2024-07-27 23:33:59.199952]: context ppl 380.6051 | text ppl 30.7693 | rating loss 0.9365 |  3400/ 4042 batches
[2024-07-27 23:34:05.466910]: context ppl 381.8987 | text ppl 31.0148 | rating loss 0.9353 |  3600/ 4042 batches
[2024-07-27 23:34:11.724166]: context ppl 380.9340 | text ppl 30.9251 | rating loss 0.9153 |  3800/ 4042 batches
[2024-07-27 23:34:17.983508]: context ppl 382.2104 | text ppl 31.1532 | rating loss 0.9336 |  4000/ 4042 batches
[2024-07-27 23:34:19.278113]: context ppl 382.6253 | text ppl 31.1635 | rating loss 0.9121 |  4042/ 4042 batches
[2024-07-27 23:34:24.526561]: context ppl 402.6466 | text ppl 32.7853 | rating loss 1.0224 | valid loss 4.5124 on validation
[2024-07-27 23:34:24.526714]: Endured 2 time(s)
[2024-07-27 23:34:24.526803]: Learning rate set to 0.06250000
[2024-07-27 23:34:24.526859]: epoch 25
[2024-07-27 23:34:31.207987]: context ppl 376.0468 | text ppl 29.8706 | rating loss 0.9265 |   200/ 4042 batches
[2024-07-27 23:34:37.505186]: context ppl 373.6707 | text ppl 29.7757 | rating loss 0.9070 |   400/ 4042 batches
[2024-07-27 23:34:43.783521]: context ppl 374.7161 | text ppl 29.8425 | rating loss 0.9073 |   600/ 4042 batches
[2024-07-27 23:34:50.030737]: context ppl 372.8235 | text ppl 29.7891 | rating loss 0.9144 |   800/ 4042 batches
[2024-07-27 23:34:56.297254]: context ppl 376.0557 | text ppl 29.9737 | rating loss 0.9100 |  1000/ 4042 batches
[2024-07-27 23:35:02.570249]: context ppl 375.4627 | text ppl 29.9250 | rating loss 0.9049 |  1200/ 4042 batches
[2024-07-27 23:35:08.824429]: context ppl 377.3582 | text ppl 30.0067 | rating loss 0.8998 |  1400/ 4042 batches
[2024-07-27 23:35:15.086862]: context ppl 375.0004 | text ppl 29.8676 | rating loss 0.9193 |  1600/ 4042 batches
[2024-07-27 23:35:21.402130]: context ppl 376.5015 | text ppl 29.8850 | rating loss 0.9059 |  1800/ 4042 batches
[2024-07-27 23:35:27.665196]: context ppl 375.1957 | text ppl 29.8903 | rating loss 0.9059 |  2000/ 4042 batches
[2024-07-27 23:35:33.931270]: context ppl 373.6872 | text ppl 29.7319 | rating loss 0.9185 |  2200/ 4042 batches
[2024-07-27 23:35:40.176308]: context ppl 376.6976 | text ppl 30.0342 | rating loss 0.9074 |  2400/ 4042 batches
[2024-07-27 23:35:46.441223]: context ppl 376.7763 | text ppl 30.0263 | rating loss 0.9143 |  2600/ 4042 batches
[2024-07-27 23:35:52.689625]: context ppl 375.9543 | text ppl 30.0044 | rating loss 0.9190 |  2800/ 4042 batches
[2024-07-27 23:35:58.943917]: context ppl 376.0801 | text ppl 30.0594 | rating loss 0.9121 |  3000/ 4042 batches
[2024-07-27 23:36:05.216842]: context ppl 375.7820 | text ppl 29.8749 | rating loss 0.9168 |  3200/ 4042 batches
[2024-07-27 23:36:11.465066]: context ppl 376.9686 | text ppl 29.9822 | rating loss 0.9125 |  3400/ 4042 batches
[2024-07-27 23:36:17.703633]: context ppl 375.2513 | text ppl 29.9557 | rating loss 0.9026 |  3600/ 4042 batches
[2024-07-27 23:36:23.969044]: context ppl 375.7744 | text ppl 29.9329 | rating loss 0.9237 |  3800/ 4042 batches
[2024-07-27 23:36:30.237499]: context ppl 374.8513 | text ppl 29.9516 | rating loss 0.9254 |  4000/ 4042 batches
[2024-07-27 23:36:31.531297]: context ppl 376.4042 | text ppl 30.1552 | rating loss 0.9010 |  4042/ 4042 batches
[2024-07-27 23:36:36.807860]: context ppl 400.1025 | text ppl 32.3925 | rating loss 1.0230 | valid loss 4.5010 on validation
[2024-07-27 23:36:37.129215]: epoch 26
[2024-07-27 23:36:43.718930]: context ppl 373.2149 | text ppl 29.6451 | rating loss 0.9093 |   200/ 4042 batches
[2024-07-27 23:36:49.963548]: context ppl 376.2715 | text ppl 29.8304 | rating loss 0.9079 |   400/ 4042 batches
[2024-07-27 23:36:56.209016]: context ppl 372.7884 | text ppl 29.6972 | rating loss 0.9113 |   600/ 4042 batches
[2024-07-27 23:37:02.457417]: context ppl 373.9091 | text ppl 29.7442 | rating loss 0.8992 |   800/ 4042 batches
[2024-07-27 23:37:08.709748]: context ppl 373.2932 | text ppl 29.4702 | rating loss 0.9142 |  1000/ 4042 batches
[2024-07-27 23:37:14.974559]: context ppl 376.2135 | text ppl 29.6429 | rating loss 0.9076 |  1200/ 4042 batches
[2024-07-27 23:37:21.226609]: context ppl 375.7824 | text ppl 29.7606 | rating loss 0.9137 |  1400/ 4042 batches
[2024-07-27 23:37:27.489889]: context ppl 374.4004 | text ppl 29.8067 | rating loss 0.9206 |  1600/ 4042 batches
[2024-07-27 23:37:33.732149]: context ppl 374.0578 | text ppl 29.7236 | rating loss 0.9045 |  1800/ 4042 batches
[2024-07-27 23:37:39.972667]: context ppl 374.1028 | text ppl 29.6591 | rating loss 0.9129 |  2000/ 4042 batches
[2024-07-27 23:37:46.226203]: context ppl 375.7464 | text ppl 29.8285 | rating loss 0.9165 |  2200/ 4042 batches
[2024-07-27 23:37:52.468652]: context ppl 375.3461 | text ppl 29.9111 | rating loss 0.9136 |  2400/ 4042 batches
[2024-07-27 23:37:58.716861]: context ppl 375.3695 | text ppl 29.8511 | rating loss 0.9070 |  2600/ 4042 batches
[2024-07-27 23:38:04.983236]: context ppl 375.6143 | text ppl 29.9822 | rating loss 0.9191 |  2800/ 4042 batches
[2024-07-27 23:38:11.222850]: context ppl 374.6708 | text ppl 29.7419 | rating loss 0.9066 |  3000/ 4042 batches
[2024-07-27 23:38:17.512654]: context ppl 375.1611 | text ppl 29.7112 | rating loss 0.9078 |  3200/ 4042 batches
[2024-07-27 23:38:23.806949]: context ppl 372.2531 | text ppl 29.5231 | rating loss 0.9120 |  3400/ 4042 batches
[2024-07-27 23:38:30.051899]: context ppl 373.4801 | text ppl 29.7952 | rating loss 0.9163 |  3600/ 4042 batches
[2024-07-27 23:38:36.309491]: context ppl 376.8065 | text ppl 30.0014 | rating loss 0.9127 |  3800/ 4042 batches
[2024-07-27 23:38:42.575690]: context ppl 376.3021 | text ppl 29.9395 | rating loss 0.9195 |  4000/ 4042 batches
[2024-07-27 23:38:43.889666]: context ppl 372.9410 | text ppl 29.8012 | rating loss 0.9291 |  4042/ 4042 batches
[2024-07-27 23:38:49.221887]: context ppl 400.6707 | text ppl 32.3476 | rating loss 1.0230 | valid loss 4.4996 on validation
[2024-07-27 23:38:49.544494]: epoch 27
[2024-07-27 23:38:56.152026]: context ppl 373.2781 | text ppl 29.4803 | rating loss 0.9116 |   200/ 4042 batches
[2024-07-27 23:39:02.437909]: context ppl 372.0593 | text ppl 29.3952 | rating loss 0.9040 |   400/ 4042 batches
[2024-07-27 23:39:08.699648]: context ppl 374.0559 | text ppl 29.7174 | rating loss 0.9147 |   600/ 4042 batches
[2024-07-27 23:39:14.967290]: context ppl 376.2315 | text ppl 29.8868 | rating loss 0.9177 |   800/ 4042 batches
[2024-07-27 23:39:21.223828]: context ppl 372.8759 | text ppl 29.4459 | rating loss 0.8975 |  1000/ 4042 batches
[2024-07-27 23:39:27.499863]: context ppl 374.4714 | text ppl 29.5988 | rating loss 0.9053 |  1200/ 4042 batches
[2024-07-27 23:39:33.760525]: context ppl 372.6321 | text ppl 29.6029 | rating loss 0.9083 |  1400/ 4042 batches
[2024-07-27 23:39:40.044383]: context ppl 373.1258 | text ppl 29.5993 | rating loss 0.9224 |  1600/ 4042 batches
[2024-07-27 23:39:46.300560]: context ppl 374.3596 | text ppl 29.6274 | rating loss 0.9167 |  1800/ 4042 batches
[2024-07-27 23:39:52.583050]: context ppl 374.2227 | text ppl 29.7869 | rating loss 0.9050 |  2000/ 4042 batches
[2024-07-27 23:39:58.878101]: context ppl 372.4055 | text ppl 29.5529 | rating loss 0.9127 |  2200/ 4042 batches
[2024-07-27 23:40:05.172760]: context ppl 373.4810 | text ppl 29.5540 | rating loss 0.8950 |  2400/ 4042 batches
[2024-07-27 23:40:11.403196]: context ppl 374.3775 | text ppl 29.6551 | rating loss 0.9083 |  2600/ 4042 batches
[2024-07-27 23:40:17.625212]: context ppl 374.2022 | text ppl 29.7252 | rating loss 0.9245 |  2800/ 4042 batches
[2024-07-27 23:40:23.875815]: context ppl 375.7504 | text ppl 29.7810 | rating loss 0.9106 |  3000/ 4042 batches
[2024-07-27 23:40:30.126281]: context ppl 375.5597 | text ppl 29.8287 | rating loss 0.9119 |  3200/ 4042 batches
[2024-07-27 23:40:36.372257]: context ppl 375.8388 | text ppl 29.8195 | rating loss 0.9096 |  3400/ 4042 batches
[2024-07-27 23:40:42.621892]: context ppl 375.3765 | text ppl 29.8255 | rating loss 0.9152 |  3600/ 4042 batches
[2024-07-27 23:40:48.893344]: context ppl 375.7140 | text ppl 29.7837 | rating loss 0.9229 |  3800/ 4042 batches
[2024-07-27 23:40:55.152940]: context ppl 374.5005 | text ppl 29.6362 | rating loss 0.9131 |  4000/ 4042 batches
[2024-07-27 23:40:56.467605]: context ppl 376.3311 | text ppl 29.7380 | rating loss 0.8989 |  4042/ 4042 batches
[2024-07-27 23:41:01.695511]: context ppl 400.1751 | text ppl 32.3158 | rating loss 1.0214 | valid loss 4.4969 on validation
[2024-07-27 23:41:02.028098]: epoch 28
[2024-07-27 23:41:08.581593]: context ppl 372.7694 | text ppl 29.4585 | rating loss 0.9069 |   200/ 4042 batches
[2024-07-27 23:41:14.750700]: context ppl 374.3350 | text ppl 29.6273 | rating loss 0.9089 |   400/ 4042 batches
[2024-07-27 23:41:20.928637]: context ppl 372.5654 | text ppl 29.5596 | rating loss 0.9180 |   600/ 4042 batches
[2024-07-27 23:41:27.156255]: context ppl 374.7398 | text ppl 29.6220 | rating loss 0.9015 |   800/ 4042 batches
[2024-07-27 23:41:33.395181]: context ppl 375.6536 | text ppl 29.6176 | rating loss 0.9058 |  1000/ 4042 batches
[2024-07-27 23:41:39.632505]: context ppl 374.0877 | text ppl 29.4628 | rating loss 0.9051 |  1200/ 4042 batches
[2024-07-27 23:41:45.856155]: context ppl 373.4934 | text ppl 29.6534 | rating loss 0.9067 |  1400/ 4042 batches
[2024-07-27 23:41:52.028451]: context ppl 375.2737 | text ppl 29.7380 | rating loss 0.9027 |  1600/ 4042 batches
[2024-07-27 23:41:58.202256]: context ppl 375.5354 | text ppl 29.7261 | rating loss 0.9193 |  1800/ 4042 batches
[2024-07-27 23:42:04.392894]: context ppl 373.3285 | text ppl 29.5980 | rating loss 0.9134 |  2000/ 4042 batches
[2024-07-27 23:42:10.638786]: context ppl 371.8802 | text ppl 29.3662 | rating loss 0.9166 |  2200/ 4042 batches
[2024-07-27 23:42:16.901837]: context ppl 373.7294 | text ppl 29.7621 | rating loss 0.9126 |  2400/ 4042 batches
[2024-07-27 23:42:23.160828]: context ppl 373.8316 | text ppl 29.5739 | rating loss 0.9195 |  2600/ 4042 batches
[2024-07-27 23:42:29.410985]: context ppl 373.9484 | text ppl 29.4824 | rating loss 0.8989 |  2800/ 4042 batches
[2024-07-27 23:42:35.667062]: context ppl 374.7196 | text ppl 29.5052 | rating loss 0.9075 |  3000/ 4042 batches
[2024-07-27 23:42:41.918234]: context ppl 372.5371 | text ppl 29.4877 | rating loss 0.9171 |  3200/ 4042 batches
[2024-07-27 23:42:48.175549]: context ppl 371.8857 | text ppl 29.4428 | rating loss 0.9031 |  3400/ 4042 batches
[2024-07-27 23:42:54.439182]: context ppl 372.8565 | text ppl 29.6534 | rating loss 0.9112 |  3600/ 4042 batches
[2024-07-27 23:43:00.683111]: context ppl 373.0752 | text ppl 29.6864 | rating loss 0.9201 |  3800/ 4042 batches
[2024-07-27 23:43:06.929206]: context ppl 373.0618 | text ppl 29.6438 | rating loss 0.9123 |  4000/ 4042 batches
[2024-07-27 23:43:08.226021]: context ppl 376.1996 | text ppl 29.6032 | rating loss 0.9179 |  4042/ 4042 batches
[2024-07-27 23:43:13.498235]: context ppl 400.1553 | text ppl 32.2799 | rating loss 1.0232 | valid loss 4.4976 on validation
[2024-07-27 23:43:13.498389]: Endured 3 time(s)
[2024-07-27 23:43:13.498489]: Learning rate set to 0.01562500
[2024-07-27 23:43:13.498550]: epoch 29
[2024-07-27 23:43:20.174113]: context ppl 373.0362 | text ppl 29.4564 | rating loss 0.9010 |   200/ 4042 batches
[2024-07-27 23:43:26.415508]: context ppl 372.1641 | text ppl 29.3000 | rating loss 0.9045 |   400/ 4042 batches
[2024-07-27 23:43:32.669049]: context ppl 374.6145 | text ppl 29.5769 | rating loss 0.9021 |   600/ 4042 batches
[2024-07-27 23:43:38.929519]: context ppl 373.8932 | text ppl 29.4339 | rating loss 0.8974 |   800/ 4042 batches
[2024-07-27 23:43:45.183509]: context ppl 372.6080 | text ppl 29.3706 | rating loss 0.9087 |  1000/ 4042 batches
[2024-07-27 23:43:51.427060]: context ppl 371.6461 | text ppl 29.2485 | rating loss 0.9122 |  1200/ 4042 batches
[2024-07-27 23:43:57.682169]: context ppl 373.5028 | text ppl 29.2867 | rating loss 0.8940 |  1400/ 4042 batches
[2024-07-27 23:44:03.944101]: context ppl 372.0156 | text ppl 29.3288 | rating loss 0.9175 |  1600/ 4042 batches
[2024-07-27 23:44:10.221121]: context ppl 372.5215 | text ppl 29.2224 | rating loss 0.9200 |  1800/ 4042 batches
[2024-07-27 23:44:16.501691]: context ppl 371.8067 | text ppl 29.3996 | rating loss 0.9105 |  2000/ 4042 batches
[2024-07-27 23:44:22.874128]: context ppl 371.7894 | text ppl 29.1870 | rating loss 0.9027 |  2200/ 4042 batches
[2024-07-27 23:44:29.140150]: context ppl 371.3392 | text ppl 29.3905 | rating loss 0.9094 |  2400/ 4042 batches
[2024-07-27 23:44:35.386359]: context ppl 371.9230 | text ppl 29.2649 | rating loss 0.9106 |  2600/ 4042 batches
[2024-07-27 23:44:41.641863]: context ppl 372.8837 | text ppl 29.3600 | rating loss 0.9017 |  2800/ 4042 batches
[2024-07-27 23:44:47.885457]: context ppl 372.4024 | text ppl 29.3400 | rating loss 0.9080 |  3000/ 4042 batches
[2024-07-27 23:44:54.127322]: context ppl 373.2052 | text ppl 29.5649 | rating loss 0.9116 |  3200/ 4042 batches
[2024-07-27 23:45:00.366923]: context ppl 371.5254 | text ppl 29.1735 | rating loss 0.9164 |  3400/ 4042 batches
[2024-07-27 23:45:06.608606]: context ppl 371.4991 | text ppl 29.1777 | rating loss 0.9137 |  3600/ 4042 batches
[2024-07-27 23:45:12.853632]: context ppl 371.2692 | text ppl 29.3294 | rating loss 0.8919 |  3800/ 4042 batches
[2024-07-27 23:45:19.122304]: context ppl 372.5739 | text ppl 29.5530 | rating loss 0.9060 |  4000/ 4042 batches
[2024-07-27 23:45:20.416105]: context ppl 373.4523 | text ppl 29.9236 | rating loss 0.9374 |  4042/ 4042 batches
[2024-07-27 23:45:25.705584]: context ppl 400.0237 | text ppl 32.2206 | rating loss 1.0227 | valid loss 4.4953 on validation
[2024-07-27 23:45:26.029741]: epoch 30
[2024-07-27 23:45:32.696871]: context ppl 371.4973 | text ppl 29.4467 | rating loss 0.9057 |   200/ 4042 batches
[2024-07-27 23:45:38.958155]: context ppl 369.8580 | text ppl 29.1183 | rating loss 0.9112 |   400/ 4042 batches
[2024-07-27 23:45:45.211623]: context ppl 371.1622 | text ppl 29.1905 | rating loss 0.8930 |   600/ 4042 batches
[2024-07-27 23:45:51.468315]: context ppl 371.3316 | text ppl 29.1853 | rating loss 0.9121 |   800/ 4042 batches
[2024-07-27 23:45:57.743259]: context ppl 372.0165 | text ppl 29.4377 | rating loss 0.9005 |  1000/ 4042 batches
[2024-07-27 23:46:03.988923]: context ppl 373.0280 | text ppl 29.2768 | rating loss 0.9038 |  1200/ 4042 batches
[2024-07-27 23:46:10.248388]: context ppl 372.0350 | text ppl 29.2050 | rating loss 0.9077 |  1400/ 4042 batches
[2024-07-27 23:46:16.539474]: context ppl 372.9703 | text ppl 29.3435 | rating loss 0.9220 |  1600/ 4042 batches
[2024-07-27 23:46:22.782914]: context ppl 372.4321 | text ppl 29.3332 | rating loss 0.9130 |  1800/ 4042 batches
[2024-07-27 23:46:29.036647]: context ppl 371.3585 | text ppl 29.1359 | rating loss 0.9161 |  2000/ 4042 batches
[2024-07-27 23:46:35.271300]: context ppl 372.3797 | text ppl 29.3756 | rating loss 0.9049 |  2200/ 4042 batches
[2024-07-27 23:46:41.530916]: context ppl 372.8319 | text ppl 29.3751 | rating loss 0.9144 |  2400/ 4042 batches
[2024-07-27 23:46:47.784286]: context ppl 375.0450 | text ppl 29.6907 | rating loss 0.9023 |  2600/ 4042 batches
[2024-07-27 23:46:54.035957]: context ppl 373.0106 | text ppl 29.2834 | rating loss 0.9070 |  2800/ 4042 batches
[2024-07-27 23:47:00.281962]: context ppl 370.4115 | text ppl 29.2550 | rating loss 0.9030 |  3000/ 4042 batches
[2024-07-27 23:47:06.533719]: context ppl 372.4135 | text ppl 29.3429 | rating loss 0.9104 |  3200/ 4042 batches
[2024-07-27 23:47:12.777981]: context ppl 372.3671 | text ppl 29.3790 | rating loss 0.9004 |  3400/ 4042 batches
[2024-07-27 23:47:19.029071]: context ppl 371.4922 | text ppl 29.2610 | rating loss 0.9006 |  3600/ 4042 batches
[2024-07-27 23:47:25.315053]: context ppl 373.3692 | text ppl 29.3536 | rating loss 0.9090 |  3800/ 4042 batches
[2024-07-27 23:47:31.568771]: context ppl 372.0968 | text ppl 29.1591 | rating loss 0.9056 |  4000/ 4042 batches
[2024-07-27 23:47:32.862623]: context ppl 378.3631 | text ppl 29.8912 | rating loss 0.9026 |  4042/ 4042 batches
[2024-07-27 23:47:38.081198]: context ppl 399.7478 | text ppl 32.2183 | rating loss 1.0224 | valid loss 4.4949 on validation
[2024-07-27 23:47:38.393479]: epoch 31
[2024-07-27 23:47:45.032994]: context ppl 371.2296 | text ppl 29.1991 | rating loss 0.8934 |   200/ 4042 batches
[2024-07-27 23:47:51.270021]: context ppl 372.2993 | text ppl 29.3116 | rating loss 0.9140 |   400/ 4042 batches
[2024-07-27 23:47:57.511411]: context ppl 371.4315 | text ppl 29.2008 | rating loss 0.9153 |   600/ 4042 batches
[2024-07-27 23:48:03.752014]: context ppl 371.0826 | text ppl 29.0531 | rating loss 0.9127 |   800/ 4042 batches
[2024-07-27 23:48:09.988397]: context ppl 370.8334 | text ppl 29.1817 | rating loss 0.9075 |  1000/ 4042 batches
[2024-07-27 23:48:16.244806]: context ppl 371.2777 | text ppl 29.1479 | rating loss 0.9132 |  1200/ 4042 batches
[2024-07-27 23:48:22.486126]: context ppl 371.9412 | text ppl 29.4585 | rating loss 0.9032 |  1400/ 4042 batches
[2024-07-27 23:48:28.720602]: context ppl 373.0796 | text ppl 29.1532 | rating loss 0.9181 |  1600/ 4042 batches
[2024-07-27 23:48:34.987932]: context ppl 373.1135 | text ppl 29.2365 | rating loss 0.9046 |  1800/ 4042 batches
[2024-07-27 23:48:41.249912]: context ppl 373.5156 | text ppl 29.3610 | rating loss 0.9050 |  2000/ 4042 batches
[2024-07-27 23:48:47.613447]: context ppl 371.9770 | text ppl 29.2551 | rating loss 0.9121 |  2200/ 4042 batches
[2024-07-27 23:48:53.882074]: context ppl 372.9971 | text ppl 29.4472 | rating loss 0.9068 |  2400/ 4042 batches
[2024-07-27 23:49:00.141033]: context ppl 370.7820 | text ppl 29.3112 | rating loss 0.9075 |  2600/ 4042 batches
[2024-07-27 23:49:06.407759]: context ppl 372.9022 | text ppl 29.4148 | rating loss 0.9072 |  2800/ 4042 batches
[2024-07-27 23:49:12.648754]: context ppl 371.0519 | text ppl 29.1452 | rating loss 0.9034 |  3000/ 4042 batches
[2024-07-27 23:49:18.921852]: context ppl 373.0191 | text ppl 29.3264 | rating loss 0.9016 |  3200/ 4042 batches
[2024-07-27 23:49:25.186975]: context ppl 371.5424 | text ppl 29.3878 | rating loss 0.9103 |  3400/ 4042 batches
[2024-07-27 23:49:31.443992]: context ppl 373.6959 | text ppl 29.4862 | rating loss 0.8964 |  3600/ 4042 batches
[2024-07-27 23:49:37.720038]: context ppl 371.2944 | text ppl 29.2751 | rating loss 0.8982 |  3800/ 4042 batches
[2024-07-27 23:49:43.982716]: context ppl 373.4718 | text ppl 29.4103 | rating loss 0.8987 |  4000/ 4042 batches
[2024-07-27 23:49:45.277622]: context ppl 368.3715 | text ppl 28.8878 | rating loss 0.9387 |  4042/ 4042 batches
[2024-07-27 23:49:50.579309]: context ppl 399.8945 | text ppl 32.2151 | rating loss 1.0224 | valid loss 4.4949 on validation
[2024-07-27 23:49:50.915449]: epoch 32
[2024-07-27 23:49:57.554811]: context ppl 370.9324 | text ppl 29.3851 | rating loss 0.8941 |   200/ 4042 batches
[2024-07-27 23:50:03.813001]: context ppl 373.2624 | text ppl 29.3954 | rating loss 0.9090 |   400/ 4042 batches
[2024-07-27 23:50:10.061709]: context ppl 371.4333 | text ppl 29.1818 | rating loss 0.9157 |   600/ 4042 batches
[2024-07-27 23:50:16.333222]: context ppl 371.4166 | text ppl 29.1143 | rating loss 0.9039 |   800/ 4042 batches
[2024-07-27 23:50:22.672899]: context ppl 373.4453 | text ppl 29.4157 | rating loss 0.9098 |  1000/ 4042 batches
[2024-07-27 23:50:28.917575]: context ppl 373.5552 | text ppl 29.3469 | rating loss 0.9115 |  1200/ 4042 batches
[2024-07-27 23:50:35.166391]: context ppl 370.9212 | text ppl 29.1798 | rating loss 0.9074 |  1400/ 4042 batches
[2024-07-27 23:50:41.415584]: context ppl 371.9834 | text ppl 29.3199 | rating loss 0.9059 |  1600/ 4042 batches
[2024-07-27 23:50:47.662899]: context ppl 370.5761 | text ppl 29.1295 | rating loss 0.9032 |  1800/ 4042 batches
[2024-07-27 23:50:53.911948]: context ppl 371.5020 | text ppl 29.2287 | rating loss 0.8980 |  2000/ 4042 batches
[2024-07-27 23:51:00.170537]: context ppl 370.9419 | text ppl 29.1045 | rating loss 0.9029 |  2200/ 4042 batches
[2024-07-27 23:51:06.429191]: context ppl 371.2093 | text ppl 29.2367 | rating loss 0.9012 |  2400/ 4042 batches
[2024-07-27 23:51:12.680096]: context ppl 372.7446 | text ppl 29.3386 | rating loss 0.9009 |  2600/ 4042 batches
[2024-07-27 23:51:18.937443]: context ppl 373.6299 | text ppl 29.3251 | rating loss 0.9125 |  2800/ 4042 batches
[2024-07-27 23:51:25.194707]: context ppl 371.8153 | text ppl 29.3338 | rating loss 0.9007 |  3000/ 4042 batches
[2024-07-27 23:51:31.466226]: context ppl 371.5708 | text ppl 29.3697 | rating loss 0.9159 |  3200/ 4042 batches
[2024-07-27 23:51:37.720905]: context ppl 372.4540 | text ppl 29.2374 | rating loss 0.9128 |  3400/ 4042 batches
[2024-07-27 23:51:44.002670]: context ppl 372.3517 | text ppl 29.2915 | rating loss 0.9200 |  3600/ 4042 batches
[2024-07-27 23:51:50.360551]: context ppl 371.8468 | text ppl 29.2586 | rating loss 0.8965 |  3800/ 4042 batches
[2024-07-27 23:51:56.684615]: context ppl 371.8946 | text ppl 29.2955 | rating loss 0.9185 |  4000/ 4042 batches
[2024-07-27 23:51:57.998803]: context ppl 369.5695 | text ppl 28.8440 | rating loss 0.9202 |  4042/ 4042 batches
[2024-07-27 23:52:03.402968]: context ppl 399.9880 | text ppl 32.1967 | rating loss 1.0221 | valid loss 4.4939 on validation
[2024-07-27 23:52:03.727370]: epoch 33
[2024-07-27 23:52:10.338018]: context ppl 370.5140 | text ppl 29.1094 | rating loss 0.8998 |   200/ 4042 batches
[2024-07-27 23:52:16.600623]: context ppl 373.1038 | text ppl 29.4297 | rating loss 0.9179 |   400/ 4042 batches
[2024-07-27 23:52:22.874496]: context ppl 370.5752 | text ppl 29.0286 | rating loss 0.9147 |   600/ 4042 batches
[2024-07-27 23:52:29.139080]: context ppl 372.1336 | text ppl 29.3534 | rating loss 0.9014 |   800/ 4042 batches
[2024-07-27 23:52:35.425053]: context ppl 370.8655 | text ppl 29.1560 | rating loss 0.9114 |  1000/ 4042 batches
[2024-07-27 23:52:41.695595]: context ppl 372.9753 | text ppl 29.3575 | rating loss 0.9062 |  1200/ 4042 batches
[2024-07-27 23:52:47.967841]: context ppl 372.6052 | text ppl 29.2771 | rating loss 0.9098 |  1400/ 4042 batches
[2024-07-27 23:52:54.217993]: context ppl 372.2463 | text ppl 29.3308 | rating loss 0.9066 |  1600/ 4042 batches
[2024-07-27 23:53:00.500066]: context ppl 372.4677 | text ppl 29.3052 | rating loss 0.8951 |  1800/ 4042 batches
[2024-07-27 23:53:06.767619]: context ppl 370.2002 | text ppl 29.2980 | rating loss 0.9011 |  2000/ 4042 batches
[2024-07-27 23:53:13.042129]: context ppl 371.3608 | text ppl 29.1561 | rating loss 0.9064 |  2200/ 4042 batches
[2024-07-27 23:53:19.315508]: context ppl 370.7963 | text ppl 29.1225 | rating loss 0.9098 |  2400/ 4042 batches
[2024-07-27 23:53:25.653161]: context ppl 370.6218 | text ppl 29.2216 | rating loss 0.8957 |  2600/ 4042 batches
[2024-07-27 23:53:31.906224]: context ppl 371.6302 | text ppl 29.1559 | rating loss 0.8993 |  2800/ 4042 batches
[2024-07-27 23:53:38.164170]: context ppl 372.8972 | text ppl 29.2091 | rating loss 0.9048 |  3000/ 4042 batches
[2024-07-27 23:53:44.413281]: context ppl 372.0759 | text ppl 29.3452 | rating loss 0.9026 |  3200/ 4042 batches
[2024-07-27 23:53:50.684683]: context ppl 372.0515 | text ppl 29.3182 | rating loss 0.9081 |  3400/ 4042 batches
[2024-07-27 23:53:56.942490]: context ppl 370.3640 | text ppl 28.9946 | rating loss 0.9164 |  3600/ 4042 batches
[2024-07-27 23:54:03.223913]: context ppl 373.5368 | text ppl 29.4118 | rating loss 0.9165 |  3800/ 4042 batches
[2024-07-27 23:54:09.480719]: context ppl 373.0764 | text ppl 29.3624 | rating loss 0.9126 |  4000/ 4042 batches
[2024-07-27 23:54:10.776585]: context ppl 376.2773 | text ppl 29.7022 | rating loss 0.9114 |  4042/ 4042 batches
[2024-07-27 23:54:16.054646]: context ppl 399.7100 | text ppl 32.1891 | rating loss 1.0223 | valid loss 4.4939 on validation
[2024-07-27 23:54:16.409126]: epoch 34
[2024-07-27 23:54:23.033763]: context ppl 370.7608 | text ppl 29.1582 | rating loss 0.9014 |   200/ 4042 batches
[2024-07-27 23:54:29.312091]: context ppl 373.7162 | text ppl 29.6332 | rating loss 0.9096 |   400/ 4042 batches
[2024-07-27 23:54:35.597295]: context ppl 374.0350 | text ppl 29.3179 | rating loss 0.9120 |   600/ 4042 batches
[2024-07-27 23:54:41.886718]: context ppl 369.7824 | text ppl 28.9850 | rating loss 0.9004 |   800/ 4042 batches
[2024-07-27 23:54:48.198819]: context ppl 371.5052 | text ppl 29.1925 | rating loss 0.9012 |  1000/ 4042 batches
[2024-07-27 23:54:54.472738]: context ppl 372.2356 | text ppl 29.1985 | rating loss 0.9075 |  1200/ 4042 batches
[2024-07-27 23:55:00.734608]: context ppl 371.4790 | text ppl 29.2519 | rating loss 0.8961 |  1400/ 4042 batches
[2024-07-27 23:55:06.985879]: context ppl 372.1764 | text ppl 29.2528 | rating loss 0.8971 |  1600/ 4042 batches
[2024-07-27 23:55:13.242330]: context ppl 370.6601 | text ppl 29.1008 | rating loss 0.8977 |  1800/ 4042 batches
[2024-07-27 23:55:19.504484]: context ppl 369.5784 | text ppl 29.0772 | rating loss 0.9050 |  2000/ 4042 batches
[2024-07-27 23:55:25.779340]: context ppl 371.1123 | text ppl 29.1864 | rating loss 0.9066 |  2200/ 4042 batches
[2024-07-27 23:55:32.037815]: context ppl 369.8574 | text ppl 29.0683 | rating loss 0.9077 |  2400/ 4042 batches
[2024-07-27 23:55:38.306490]: context ppl 371.5924 | text ppl 29.1030 | rating loss 0.9054 |  2600/ 4042 batches
[2024-07-27 23:55:44.558241]: context ppl 372.7792 | text ppl 29.4006 | rating loss 0.9107 |  2800/ 4042 batches
[2024-07-27 23:55:50.820797]: context ppl 373.0169 | text ppl 29.2665 | rating loss 0.9050 |  3000/ 4042 batches
[2024-07-27 23:55:57.084756]: context ppl 371.5312 | text ppl 29.2199 | rating loss 0.9179 |  3200/ 4042 batches
[2024-07-27 23:56:03.337083]: context ppl 371.1624 | text ppl 29.2801 | rating loss 0.9154 |  3400/ 4042 batches
[2024-07-27 23:56:09.587999]: context ppl 372.5864 | text ppl 29.2888 | rating loss 0.9111 |  3600/ 4042 batches
[2024-07-27 23:56:15.851589]: context ppl 373.5438 | text ppl 29.3831 | rating loss 0.9161 |  3800/ 4042 batches
[2024-07-27 23:56:22.256074]: context ppl 371.5041 | text ppl 29.1565 | rating loss 0.9039 |  4000/ 4042 batches
[2024-07-27 23:56:23.550651]: context ppl 368.8715 | text ppl 28.7169 | rating loss 0.9057 |  4042/ 4042 batches
[2024-07-27 23:56:28.781922]: context ppl 399.8540 | text ppl 32.1861 | rating loss 1.0232 | valid loss 4.4947 on validation
[2024-07-27 23:56:28.782076]: Endured 4 time(s)
[2024-07-27 23:56:28.782167]: Learning rate set to 0.00390625
[2024-07-27 23:56:28.782224]: epoch 35
[2024-07-27 23:56:35.459722]: context ppl 370.8162 | text ppl 29.2973 | rating loss 0.9021 |   200/ 4042 batches
[2024-07-27 23:56:41.715746]: context ppl 373.4277 | text ppl 29.1676 | rating loss 0.9127 |   400/ 4042 batches
[2024-07-27 23:56:47.964550]: context ppl 368.9325 | text ppl 28.9759 | rating loss 0.8986 |   600/ 4042 batches
[2024-07-27 23:56:54.214649]: context ppl 369.8903 | text ppl 28.9660 | rating loss 0.9017 |   800/ 4042 batches
[2024-07-27 23:57:00.464529]: context ppl 372.0626 | text ppl 29.2395 | rating loss 0.9092 |  1000/ 4042 batches
[2024-07-27 23:57:06.732615]: context ppl 371.0918 | text ppl 29.1402 | rating loss 0.9108 |  1200/ 4042 batches
[2024-07-27 23:57:12.991775]: context ppl 372.2189 | text ppl 29.1616 | rating loss 0.9104 |  1400/ 4042 batches
[2024-07-27 23:57:19.256639]: context ppl 372.1163 | text ppl 29.2085 | rating loss 0.9064 |  1600/ 4042 batches
[2024-07-27 23:57:25.520450]: context ppl 371.3509 | text ppl 29.4084 | rating loss 0.9087 |  1800/ 4042 batches
[2024-07-27 23:57:31.770214]: context ppl 372.5992 | text ppl 29.0992 | rating loss 0.8914 |  2000/ 4042 batches
[2024-07-27 23:57:38.035186]: context ppl 371.3976 | text ppl 29.1659 | rating loss 0.9058 |  2200/ 4042 batches
[2024-07-27 23:57:44.278311]: context ppl 371.4960 | text ppl 29.2578 | rating loss 0.8967 |  2400/ 4042 batches
[2024-07-27 23:57:50.524092]: context ppl 372.4664 | text ppl 29.1511 | rating loss 0.9033 |  2600/ 4042 batches
[2024-07-27 23:57:56.770266]: context ppl 371.1971 | text ppl 29.2437 | rating loss 0.9179 |  2800/ 4042 batches
[2024-07-27 23:58:03.033865]: context ppl 371.1403 | text ppl 29.3047 | rating loss 0.8999 |  3000/ 4042 batches
[2024-07-27 23:58:09.296535]: context ppl 371.5176 | text ppl 29.0739 | rating loss 0.9143 |  3200/ 4042 batches
[2024-07-27 23:58:15.578236]: context ppl 371.3420 | text ppl 29.0743 | rating loss 0.9163 |  3400/ 4042 batches
[2024-07-27 23:58:21.866500]: context ppl 369.9062 | text ppl 29.0957 | rating loss 0.9074 |  3600/ 4042 batches
[2024-07-27 23:58:28.126687]: context ppl 371.8361 | text ppl 29.2632 | rating loss 0.8938 |  3800/ 4042 batches
[2024-07-27 23:58:34.380845]: context ppl 369.7910 | text ppl 29.0292 | rating loss 0.8990 |  4000/ 4042 batches
[2024-07-27 23:58:35.676669]: context ppl 371.0299 | text ppl 29.2642 | rating loss 0.9220 |  4042/ 4042 batches
[2024-07-27 23:58:40.905505]: context ppl 399.8368 | text ppl 32.1744 | rating loss 1.0224 | valid loss 4.4936 on validation
[2024-07-27 23:58:41.266382]: epoch 36
[2024-07-27 23:58:47.953110]: context ppl 369.6552 | text ppl 29.0164 | rating loss 0.8978 |   200/ 4042 batches
[2024-07-27 23:58:54.240839]: context ppl 372.2445 | text ppl 29.0881 | rating loss 0.8987 |   400/ 4042 batches
[2024-07-27 23:59:00.492655]: context ppl 372.3414 | text ppl 29.2668 | rating loss 0.9017 |   600/ 4042 batches
[2024-07-27 23:59:06.742000]: context ppl 371.1694 | text ppl 29.2181 | rating loss 0.9106 |   800/ 4042 batches
[2024-07-27 23:59:13.012621]: context ppl 369.8712 | text ppl 29.2084 | rating loss 0.9102 |  1000/ 4042 batches
[2024-07-27 23:59:19.288855]: context ppl 372.1996 | text ppl 29.1661 | rating loss 0.8969 |  1200/ 4042 batches
[2024-07-27 23:59:25.564132]: context ppl 372.7498 | text ppl 29.0904 | rating loss 0.9044 |  1400/ 4042 batches
[2024-07-27 23:59:31.809864]: context ppl 370.9595 | text ppl 29.2428 | rating loss 0.9124 |  1600/ 4042 batches
[2024-07-27 23:59:38.054124]: context ppl 370.5813 | text ppl 28.9699 | rating loss 0.9020 |  1800/ 4042 batches
[2024-07-27 23:59:44.297382]: context ppl 370.0619 | text ppl 29.0289 | rating loss 0.9012 |  2000/ 4042 batches
[2024-07-27 23:59:50.538440]: context ppl 372.4029 | text ppl 29.2644 | rating loss 0.9106 |  2200/ 4042 batches
[2024-07-27 23:59:56.781709]: context ppl 369.3462 | text ppl 29.2009 | rating loss 0.9135 |  2400/ 4042 batches
[2024-07-28 00:00:03.041244]: context ppl 370.3603 | text ppl 29.1685 | rating loss 0.9072 |  2600/ 4042 batches
[2024-07-28 00:00:09.314180]: context ppl 370.3195 | text ppl 29.0894 | rating loss 0.9085 |  2800/ 4042 batches
[2024-07-28 00:00:15.555947]: context ppl 371.1411 | text ppl 29.0746 | rating loss 0.9074 |  3000/ 4042 batches
[2024-07-28 00:00:21.821064]: context ppl 370.7925 | text ppl 29.1733 | rating loss 0.9085 |  3200/ 4042 batches
[2024-07-28 00:00:28.064634]: context ppl 372.8252 | text ppl 29.1096 | rating loss 0.9135 |  3400/ 4042 batches
[2024-07-28 00:00:34.308180]: context ppl 370.7439 | text ppl 29.2896 | rating loss 0.9046 |  3600/ 4042 batches
[2024-07-28 00:00:40.560716]: context ppl 371.6481 | text ppl 29.2455 | rating loss 0.8994 |  3800/ 4042 batches
[2024-07-28 00:00:46.823767]: context ppl 372.6620 | text ppl 29.3206 | rating loss 0.8995 |  4000/ 4042 batches
[2024-07-28 00:00:48.118212]: context ppl 373.2972 | text ppl 29.0513 | rating loss 0.9175 |  4042/ 4042 batches
[2024-07-28 00:00:53.340922]: context ppl 399.7160 | text ppl 32.1685 | rating loss 1.0228 | valid loss 4.4938 on validation
[2024-07-28 00:00:53.341101]: Endured 5 time(s)
[2024-07-28 00:00:53.341185]: Cannot endure it anymore | Exiting from early stop
[2024-07-28 00:00:53.426865]: Generating text
[2024-07-28 00:01:28.269741]: RMSE  1.0085
[2024-07-28 00:01:28.283357]: MAE  0.7777
[2024-07-28 00:01:30.781937]: BLEU-1 10.8618
[2024-07-28 00:01:34.050440]: BLEU-4  0.7551
[2024-07-28 00:01:55.974106]: USR  0.1138 | USN   14713
[2024-07-28 00:02:00.413619]: rouge_1/f_score 13.9719
[2024-07-28 00:02:00.413699]: rouge_1/r_score 12.4397
[2024-07-28 00:02:00.413711]: rouge_1/p_score 18.6881
[2024-07-28 00:02:00.413720]: rouge_2/f_score  1.5278
[2024-07-28 00:02:00.413728]: rouge_2/r_score  1.4295
[2024-07-28 00:02:00.413737]: rouge_2/p_score  2.0284
[2024-07-28 00:02:00.413763]: rouge_l/f_score 10.8857
[2024-07-28 00:02:00.413772]: rouge_l/r_score 11.3122
[2024-07-28 00:02:00.413782]: rouge_l/p_score 16.4671
[2024-07-28 00:02:00.413791]: text_test length: 129326
[2024-07-28 00:02:00.413801]: tokens_context length: 129326
[2024-07-28 00:02:00.413810]: text_predict length: 129326
[2024-07-28 00:02:00.413819]: user_ids length: 129326
[2024-07-28 00:02:00.413828]: item_ids length: 129326
                  user_id  ...                                            context
0  Rx-lnDQMrVgqnI0Pcb2Q5w  ...  the <eos> and i burger a burgers was is to it ...
1  xzMBV_7wzGs_QnLA3rUM8A  ...  <eos> the and was food service great a i is . ...
2  BrBf2-dDLIBCZOEt3KMb7A  ...  <eos> the and a is food great good for was amb...
3  qWOarY5fsrVi2zdWmk30QA  ...  <eos> the and tea a for dessert with is i plac...
4  KgJdBWS3ReP6TVhYWJRKmg  ...  <eos> the and a i is of was are good with dump...

[5 rows x 5 columns]
[2024-07-28 00:02:00.736122]: Generated text saved to (model/yelp/1/generated.json)
